
wakey.elf:     file format elf32-littleriscv


Disassembly of section .text:

10000000 <start>:
10000000:	00000093          	li	ra,0
10000004:	00000193          	li	gp,0
10000008:	00000213          	li	tp,0
1000000c:	00000293          	li	t0,0
10000010:	00000313          	li	t1,0
10000014:	00000393          	li	t2,0
10000018:	00000413          	li	s0,0
1000001c:	00000493          	li	s1,0
10000020:	00000513          	li	a0,0
10000024:	00000593          	li	a1,0
10000028:	00000613          	li	a2,0
1000002c:	00000693          	li	a3,0
10000030:	00000713          	li	a4,0
10000034:	00000793          	li	a5,0
10000038:	00000813          	li	a6,0
1000003c:	00000893          	li	a7,0
10000040:	00000913          	li	s2,0
10000044:	00000993          	li	s3,0
10000048:	00000a13          	li	s4,0
1000004c:	00000a93          	li	s5,0
10000050:	00000b13          	li	s6,0
10000054:	00000b93          	li	s7,0
10000058:	00000c13          	li	s8,0
1000005c:	00000c93          	li	s9,0
10000060:	00000d13          	li	s10,0
10000064:	00000d93          	li	s11,0
10000068:	00000e13          	li	t3,0
1000006c:	00000e93          	li	t4,0
10000070:	00000f13          	li	t5,0
10000074:	00000f93          	li	t6,0
10000078:	00002517          	auipc	a0,0x2
1000007c:	a8850513          	addi	a0,a0,-1400 # 10001b00 <_etext>
10000080:	f1000597          	auipc	a1,0xf1000
10000084:	f8058593          	addi	a1,a1,-128 # 1000000 <_edata>
10000088:	f1000617          	auipc	a2,0xf1000
1000008c:	f7860613          	addi	a2,a2,-136 # 1000000 <_edata>
10000090:	00c5dc63          	bge	a1,a2,100000a8 <end_init_data>

10000094 <loop_init_data>:
10000094:	00052683          	lw	a3,0(a0)
10000098:	00d5a023          	sw	a3,0(a1)
1000009c:	00450513          	addi	a0,a0,4
100000a0:	00458593          	addi	a1,a1,4
100000a4:	fec5c8e3          	blt	a1,a2,10000094 <loop_init_data>

100000a8 <end_init_data>:
100000a8:	f1000517          	auipc	a0,0xf1000
100000ac:	f5850513          	addi	a0,a0,-168 # 1000000 <_edata>
100000b0:	f1000597          	auipc	a1,0xf1000
100000b4:	f5058593          	addi	a1,a1,-176 # 1000000 <_edata>
100000b8:	00b55863          	bge	a0,a1,100000c8 <end_init_bss>

100000bc <loop_init_bss>:
100000bc:	00052023          	sw	zero,0(a0)
100000c0:	00450513          	addi	a0,a0,4
100000c4:	feb54ce3          	blt	a0,a1,100000bc <loop_init_bss>

100000c8 <end_init_bss>:
100000c8:	464010ef          	jal	ra,1000152c <main>

100000cc <loop>:
100000cc:	0000006f          	j	100000cc <loop>

100000d0 <flashio_worker_begin>:
100000d0:	280002b7          	lui	t0,0x28000
100000d4:	12000313          	li	t1,288
100000d8:	00629023          	sh	t1,0(t0) # 28000000 <_etext+0x17ffe500>
100000dc:	000281a3          	sb	zero,3(t0)
100000e0:	02060863          	beqz	a2,10000110 <flashio_worker_L1>
100000e4:	00800f13          	li	t5,8
100000e8:	0ff67393          	andi	t2,a2,255

100000ec <flashio_worker_L4>:
100000ec:	0073de93          	srli	t4,t2,0x7
100000f0:	01d28023          	sb	t4,0(t0)
100000f4:	010eee93          	ori	t4,t4,16
100000f8:	01d28023          	sb	t4,0(t0)
100000fc:	00139393          	slli	t2,t2,0x1
10000100:	0ff3f393          	andi	t2,t2,255
10000104:	ffff0f13          	addi	t5,t5,-1
10000108:	fe0f12e3          	bnez	t5,100000ec <flashio_worker_L4>
1000010c:	00628023          	sb	t1,0(t0)

10000110 <flashio_worker_L1>:
10000110:	06058063          	beqz	a1,10000170 <flashio_worker_L3>
10000114:	02000f13          	li	t5,32
10000118:	00052383          	lw	t2,0(a0)

1000011c <flashio_worker_LY>:
1000011c:	00800f93          	li	t6,8

10000120 <flashio_worker_L2>:
10000120:	01f3de93          	srli	t4,t2,0x1f
10000124:	01d28023          	sb	t4,0(t0)
10000128:	010eee93          	ori	t4,t4,16
1000012c:	01d28023          	sb	t4,0(t0)
10000130:	0002ce83          	lbu	t4,0(t0)
10000134:	002efe93          	andi	t4,t4,2
10000138:	001ede93          	srli	t4,t4,0x1
1000013c:	00139393          	slli	t2,t2,0x1
10000140:	01d3e3b3          	or	t2,t2,t4
10000144:	ffff0f13          	addi	t5,t5,-1
10000148:	000f1863          	bnez	t5,10000158 <flashio_worker_LX>
1000014c:	00752023          	sw	t2,0(a0)
10000150:	00450513          	addi	a0,a0,4
10000154:	00052383          	lw	t2,0(a0)

10000158 <flashio_worker_LX>:
10000158:	ffff8f93          	addi	t6,t6,-1
1000015c:	fc0f92e3          	bnez	t6,10000120 <flashio_worker_L2>
10000160:	fff58593          	addi	a1,a1,-1
10000164:	fa059ce3          	bnez	a1,1000011c <flashio_worker_LY>
10000168:	000f0463          	beqz	t5,10000170 <flashio_worker_L3>
1000016c:	00752023          	sw	t2,0(a0)

10000170 <flashio_worker_L3>:
10000170:	08000313          	li	t1,128
10000174:	006281a3          	sb	t1,3(t0)
10000178:	00008067          	ret

1000017c <putchar>:
1000017c:	fe010113          	addi	sp,sp,-32
10000180:	00112e23          	sw	ra,28(sp)
10000184:	00812c23          	sw	s0,24(sp)
10000188:	02010413          	addi	s0,sp,32
1000018c:	fea42623          	sw	a0,-20(s0)
10000190:	fec42703          	lw	a4,-20(s0)
10000194:	00a00793          	li	a5,10
10000198:	00f71663          	bne	a4,a5,100001a4 <putchar+0x28>
1000019c:	00d00513          	li	a0,13
100001a0:	fddff0ef          	jal	ra,1000017c <putchar>
100001a4:	200007b7          	lui	a5,0x20000
100001a8:	00478793          	addi	a5,a5,4 # 20000004 <_etext+0xfffe504>
100001ac:	fec42703          	lw	a4,-20(s0)
100001b0:	00e7a023          	sw	a4,0(a5)
100001b4:	00000013          	nop
100001b8:	01c12083          	lw	ra,28(sp)
100001bc:	01812403          	lw	s0,24(sp)
100001c0:	02010113          	addi	sp,sp,32
100001c4:	00008067          	ret

100001c8 <print>:
100001c8:	fe010113          	addi	sp,sp,-32
100001cc:	00112e23          	sw	ra,28(sp)
100001d0:	00812c23          	sw	s0,24(sp)
100001d4:	02010413          	addi	s0,sp,32
100001d8:	fea42623          	sw	a0,-20(s0)
100001dc:	01c0006f          	j	100001f8 <print+0x30>
100001e0:	fec42783          	lw	a5,-20(s0)
100001e4:	00178713          	addi	a4,a5,1
100001e8:	fee42623          	sw	a4,-20(s0)
100001ec:	0007c783          	lbu	a5,0(a5)
100001f0:	00078513          	mv	a0,a5
100001f4:	f89ff0ef          	jal	ra,1000017c <putchar>
100001f8:	fec42783          	lw	a5,-20(s0)
100001fc:	0007c783          	lbu	a5,0(a5)
10000200:	fe0790e3          	bnez	a5,100001e0 <print+0x18>
10000204:	00000013          	nop
10000208:	01c12083          	lw	ra,28(sp)
1000020c:	01812403          	lw	s0,24(sp)
10000210:	02010113          	addi	sp,sp,32
10000214:	00008067          	ret

10000218 <print_hex>:
10000218:	fd010113          	addi	sp,sp,-48
1000021c:	02112623          	sw	ra,44(sp)
10000220:	02812423          	sw	s0,40(sp)
10000224:	03010413          	addi	s0,sp,48
10000228:	fca42e23          	sw	a0,-36(s0)
1000022c:	fcb42c23          	sw	a1,-40(s0)
10000230:	fd842783          	lw	a5,-40(s0)
10000234:	fff78793          	addi	a5,a5,-1
10000238:	fef42623          	sw	a5,-20(s0)
1000023c:	0440006f          	j	10000280 <print_hex+0x68>
10000240:	fec42783          	lw	a5,-20(s0)
10000244:	00279793          	slli	a5,a5,0x2
10000248:	fdc42703          	lw	a4,-36(s0)
1000024c:	00f757b3          	srl	a5,a4,a5
10000250:	00f7f713          	andi	a4,a5,15
10000254:	100027b7          	lui	a5,0x10002
10000258:	a2878793          	addi	a5,a5,-1496 # 10001a28 <main+0x4fc>
1000025c:	00f707b3          	add	a5,a4,a5
10000260:	0007c783          	lbu	a5,0(a5)
10000264:	fef405a3          	sb	a5,-21(s0)
10000268:	feb44783          	lbu	a5,-21(s0)
1000026c:	00078513          	mv	a0,a5
10000270:	f0dff0ef          	jal	ra,1000017c <putchar>
10000274:	fec42783          	lw	a5,-20(s0)
10000278:	fff78793          	addi	a5,a5,-1
1000027c:	fef42623          	sw	a5,-20(s0)
10000280:	fec42783          	lw	a5,-20(s0)
10000284:	fa07dee3          	bgez	a5,10000240 <print_hex+0x28>
10000288:	00000013          	nop
1000028c:	02c12083          	lw	ra,44(sp)
10000290:	02812403          	lw	s0,40(sp)
10000294:	03010113          	addi	sp,sp,48
10000298:	00008067          	ret

1000029c <print_dec>:
1000029c:	fe010113          	addi	sp,sp,-32
100002a0:	00112e23          	sw	ra,28(sp)
100002a4:	00812c23          	sw	s0,24(sp)
100002a8:	02010413          	addi	s0,sp,32
100002ac:	fea42623          	sw	a0,-20(s0)
100002b0:	fec42703          	lw	a4,-20(s0)
100002b4:	7cf00793          	li	a5,1999
100002b8:	00e7fa63          	bgeu	a5,a4,100002cc <print_dec+0x30>
100002bc:	100027b7          	lui	a5,0x10002
100002c0:	a3c78513          	addi	a0,a5,-1476 # 10001a3c <main+0x510>
100002c4:	f05ff0ef          	jal	ra,100001c8 <print>
100002c8:	4100006f          	j	100006d8 <print_dec+0x43c>
100002cc:	fec42703          	lw	a4,-20(s0)
100002d0:	3e700793          	li	a5,999
100002d4:	00e7fe63          	bgeu	a5,a4,100002f0 <print_dec+0x54>
100002d8:	03100513          	li	a0,49
100002dc:	ea1ff0ef          	jal	ra,1000017c <putchar>
100002e0:	fec42783          	lw	a5,-20(s0)
100002e4:	c1878793          	addi	a5,a5,-1000
100002e8:	fef42623          	sw	a5,-20(s0)
100002ec:	00c0006f          	j	100002f8 <print_dec+0x5c>
100002f0:	02000513          	li	a0,32
100002f4:	e89ff0ef          	jal	ra,1000017c <putchar>
100002f8:	fec42703          	lw	a4,-20(s0)
100002fc:	38300793          	li	a5,899
10000300:	00e7fe63          	bgeu	a5,a4,1000031c <print_dec+0x80>
10000304:	03900513          	li	a0,57
10000308:	e75ff0ef          	jal	ra,1000017c <putchar>
1000030c:	fec42783          	lw	a5,-20(s0)
10000310:	c7c78793          	addi	a5,a5,-900
10000314:	fef42623          	sw	a5,-20(s0)
10000318:	12c0006f          	j	10000444 <print_dec+0x1a8>
1000031c:	fec42703          	lw	a4,-20(s0)
10000320:	31f00793          	li	a5,799
10000324:	00e7fe63          	bgeu	a5,a4,10000340 <print_dec+0xa4>
10000328:	03800513          	li	a0,56
1000032c:	e51ff0ef          	jal	ra,1000017c <putchar>
10000330:	fec42783          	lw	a5,-20(s0)
10000334:	ce078793          	addi	a5,a5,-800
10000338:	fef42623          	sw	a5,-20(s0)
1000033c:	1080006f          	j	10000444 <print_dec+0x1a8>
10000340:	fec42703          	lw	a4,-20(s0)
10000344:	2bb00793          	li	a5,699
10000348:	00e7fe63          	bgeu	a5,a4,10000364 <print_dec+0xc8>
1000034c:	03700513          	li	a0,55
10000350:	e2dff0ef          	jal	ra,1000017c <putchar>
10000354:	fec42783          	lw	a5,-20(s0)
10000358:	d4478793          	addi	a5,a5,-700
1000035c:	fef42623          	sw	a5,-20(s0)
10000360:	0e40006f          	j	10000444 <print_dec+0x1a8>
10000364:	fec42703          	lw	a4,-20(s0)
10000368:	25700793          	li	a5,599
1000036c:	00e7fe63          	bgeu	a5,a4,10000388 <print_dec+0xec>
10000370:	03600513          	li	a0,54
10000374:	e09ff0ef          	jal	ra,1000017c <putchar>
10000378:	fec42783          	lw	a5,-20(s0)
1000037c:	da878793          	addi	a5,a5,-600
10000380:	fef42623          	sw	a5,-20(s0)
10000384:	0c00006f          	j	10000444 <print_dec+0x1a8>
10000388:	fec42703          	lw	a4,-20(s0)
1000038c:	1f300793          	li	a5,499
10000390:	00e7fe63          	bgeu	a5,a4,100003ac <print_dec+0x110>
10000394:	03500513          	li	a0,53
10000398:	de5ff0ef          	jal	ra,1000017c <putchar>
1000039c:	fec42783          	lw	a5,-20(s0)
100003a0:	e0c78793          	addi	a5,a5,-500
100003a4:	fef42623          	sw	a5,-20(s0)
100003a8:	09c0006f          	j	10000444 <print_dec+0x1a8>
100003ac:	fec42703          	lw	a4,-20(s0)
100003b0:	18f00793          	li	a5,399
100003b4:	00e7fe63          	bgeu	a5,a4,100003d0 <print_dec+0x134>
100003b8:	03400513          	li	a0,52
100003bc:	dc1ff0ef          	jal	ra,1000017c <putchar>
100003c0:	fec42783          	lw	a5,-20(s0)
100003c4:	e7078793          	addi	a5,a5,-400
100003c8:	fef42623          	sw	a5,-20(s0)
100003cc:	0780006f          	j	10000444 <print_dec+0x1a8>
100003d0:	fec42703          	lw	a4,-20(s0)
100003d4:	12b00793          	li	a5,299
100003d8:	00e7fe63          	bgeu	a5,a4,100003f4 <print_dec+0x158>
100003dc:	03300513          	li	a0,51
100003e0:	d9dff0ef          	jal	ra,1000017c <putchar>
100003e4:	fec42783          	lw	a5,-20(s0)
100003e8:	ed478793          	addi	a5,a5,-300
100003ec:	fef42623          	sw	a5,-20(s0)
100003f0:	0540006f          	j	10000444 <print_dec+0x1a8>
100003f4:	fec42703          	lw	a4,-20(s0)
100003f8:	0c700793          	li	a5,199
100003fc:	00e7fe63          	bgeu	a5,a4,10000418 <print_dec+0x17c>
10000400:	03200513          	li	a0,50
10000404:	d79ff0ef          	jal	ra,1000017c <putchar>
10000408:	fec42783          	lw	a5,-20(s0)
1000040c:	f3878793          	addi	a5,a5,-200
10000410:	fef42623          	sw	a5,-20(s0)
10000414:	0300006f          	j	10000444 <print_dec+0x1a8>
10000418:	fec42703          	lw	a4,-20(s0)
1000041c:	06300793          	li	a5,99
10000420:	00e7fe63          	bgeu	a5,a4,1000043c <print_dec+0x1a0>
10000424:	03100513          	li	a0,49
10000428:	d55ff0ef          	jal	ra,1000017c <putchar>
1000042c:	fec42783          	lw	a5,-20(s0)
10000430:	f9c78793          	addi	a5,a5,-100
10000434:	fef42623          	sw	a5,-20(s0)
10000438:	00c0006f          	j	10000444 <print_dec+0x1a8>
1000043c:	03000513          	li	a0,48
10000440:	d3dff0ef          	jal	ra,1000017c <putchar>
10000444:	fec42703          	lw	a4,-20(s0)
10000448:	05900793          	li	a5,89
1000044c:	00e7fe63          	bgeu	a5,a4,10000468 <print_dec+0x1cc>
10000450:	03900513          	li	a0,57
10000454:	d29ff0ef          	jal	ra,1000017c <putchar>
10000458:	fec42783          	lw	a5,-20(s0)
1000045c:	fa678793          	addi	a5,a5,-90
10000460:	fef42623          	sw	a5,-20(s0)
10000464:	12c0006f          	j	10000590 <print_dec+0x2f4>
10000468:	fec42703          	lw	a4,-20(s0)
1000046c:	04f00793          	li	a5,79
10000470:	00e7fe63          	bgeu	a5,a4,1000048c <print_dec+0x1f0>
10000474:	03800513          	li	a0,56
10000478:	d05ff0ef          	jal	ra,1000017c <putchar>
1000047c:	fec42783          	lw	a5,-20(s0)
10000480:	fb078793          	addi	a5,a5,-80
10000484:	fef42623          	sw	a5,-20(s0)
10000488:	1080006f          	j	10000590 <print_dec+0x2f4>
1000048c:	fec42703          	lw	a4,-20(s0)
10000490:	04500793          	li	a5,69
10000494:	00e7fe63          	bgeu	a5,a4,100004b0 <print_dec+0x214>
10000498:	03700513          	li	a0,55
1000049c:	ce1ff0ef          	jal	ra,1000017c <putchar>
100004a0:	fec42783          	lw	a5,-20(s0)
100004a4:	fba78793          	addi	a5,a5,-70
100004a8:	fef42623          	sw	a5,-20(s0)
100004ac:	0e40006f          	j	10000590 <print_dec+0x2f4>
100004b0:	fec42703          	lw	a4,-20(s0)
100004b4:	03b00793          	li	a5,59
100004b8:	00e7fe63          	bgeu	a5,a4,100004d4 <print_dec+0x238>
100004bc:	03600513          	li	a0,54
100004c0:	cbdff0ef          	jal	ra,1000017c <putchar>
100004c4:	fec42783          	lw	a5,-20(s0)
100004c8:	fc478793          	addi	a5,a5,-60
100004cc:	fef42623          	sw	a5,-20(s0)
100004d0:	0c00006f          	j	10000590 <print_dec+0x2f4>
100004d4:	fec42703          	lw	a4,-20(s0)
100004d8:	03100793          	li	a5,49
100004dc:	00e7fe63          	bgeu	a5,a4,100004f8 <print_dec+0x25c>
100004e0:	03500513          	li	a0,53
100004e4:	c99ff0ef          	jal	ra,1000017c <putchar>
100004e8:	fec42783          	lw	a5,-20(s0)
100004ec:	fce78793          	addi	a5,a5,-50
100004f0:	fef42623          	sw	a5,-20(s0)
100004f4:	09c0006f          	j	10000590 <print_dec+0x2f4>
100004f8:	fec42703          	lw	a4,-20(s0)
100004fc:	02700793          	li	a5,39
10000500:	00e7fe63          	bgeu	a5,a4,1000051c <print_dec+0x280>
10000504:	03400513          	li	a0,52
10000508:	c75ff0ef          	jal	ra,1000017c <putchar>
1000050c:	fec42783          	lw	a5,-20(s0)
10000510:	fd878793          	addi	a5,a5,-40
10000514:	fef42623          	sw	a5,-20(s0)
10000518:	0780006f          	j	10000590 <print_dec+0x2f4>
1000051c:	fec42703          	lw	a4,-20(s0)
10000520:	01d00793          	li	a5,29
10000524:	00e7fe63          	bgeu	a5,a4,10000540 <print_dec+0x2a4>
10000528:	03300513          	li	a0,51
1000052c:	c51ff0ef          	jal	ra,1000017c <putchar>
10000530:	fec42783          	lw	a5,-20(s0)
10000534:	fe278793          	addi	a5,a5,-30
10000538:	fef42623          	sw	a5,-20(s0)
1000053c:	0540006f          	j	10000590 <print_dec+0x2f4>
10000540:	fec42703          	lw	a4,-20(s0)
10000544:	01300793          	li	a5,19
10000548:	00e7fe63          	bgeu	a5,a4,10000564 <print_dec+0x2c8>
1000054c:	03200513          	li	a0,50
10000550:	c2dff0ef          	jal	ra,1000017c <putchar>
10000554:	fec42783          	lw	a5,-20(s0)
10000558:	fec78793          	addi	a5,a5,-20
1000055c:	fef42623          	sw	a5,-20(s0)
10000560:	0300006f          	j	10000590 <print_dec+0x2f4>
10000564:	fec42703          	lw	a4,-20(s0)
10000568:	00900793          	li	a5,9
1000056c:	00e7fe63          	bgeu	a5,a4,10000588 <print_dec+0x2ec>
10000570:	03100513          	li	a0,49
10000574:	c09ff0ef          	jal	ra,1000017c <putchar>
10000578:	fec42783          	lw	a5,-20(s0)
1000057c:	ff678793          	addi	a5,a5,-10
10000580:	fef42623          	sw	a5,-20(s0)
10000584:	00c0006f          	j	10000590 <print_dec+0x2f4>
10000588:	03000513          	li	a0,48
1000058c:	bf1ff0ef          	jal	ra,1000017c <putchar>
10000590:	fec42703          	lw	a4,-20(s0)
10000594:	00800793          	li	a5,8
10000598:	00e7fe63          	bgeu	a5,a4,100005b4 <print_dec+0x318>
1000059c:	03900513          	li	a0,57
100005a0:	bddff0ef          	jal	ra,1000017c <putchar>
100005a4:	fec42783          	lw	a5,-20(s0)
100005a8:	ff778793          	addi	a5,a5,-9
100005ac:	fef42623          	sw	a5,-20(s0)
100005b0:	1280006f          	j	100006d8 <print_dec+0x43c>
100005b4:	fec42703          	lw	a4,-20(s0)
100005b8:	00700793          	li	a5,7
100005bc:	00e7fe63          	bgeu	a5,a4,100005d8 <print_dec+0x33c>
100005c0:	03800513          	li	a0,56
100005c4:	bb9ff0ef          	jal	ra,1000017c <putchar>
100005c8:	fec42783          	lw	a5,-20(s0)
100005cc:	ff878793          	addi	a5,a5,-8
100005d0:	fef42623          	sw	a5,-20(s0)
100005d4:	1040006f          	j	100006d8 <print_dec+0x43c>
100005d8:	fec42703          	lw	a4,-20(s0)
100005dc:	00600793          	li	a5,6
100005e0:	00e7fe63          	bgeu	a5,a4,100005fc <print_dec+0x360>
100005e4:	03700513          	li	a0,55
100005e8:	b95ff0ef          	jal	ra,1000017c <putchar>
100005ec:	fec42783          	lw	a5,-20(s0)
100005f0:	ff978793          	addi	a5,a5,-7
100005f4:	fef42623          	sw	a5,-20(s0)
100005f8:	0e00006f          	j	100006d8 <print_dec+0x43c>
100005fc:	fec42703          	lw	a4,-20(s0)
10000600:	00500793          	li	a5,5
10000604:	00e7fe63          	bgeu	a5,a4,10000620 <print_dec+0x384>
10000608:	03600513          	li	a0,54
1000060c:	b71ff0ef          	jal	ra,1000017c <putchar>
10000610:	fec42783          	lw	a5,-20(s0)
10000614:	ffa78793          	addi	a5,a5,-6
10000618:	fef42623          	sw	a5,-20(s0)
1000061c:	0bc0006f          	j	100006d8 <print_dec+0x43c>
10000620:	fec42703          	lw	a4,-20(s0)
10000624:	00400793          	li	a5,4
10000628:	00e7fe63          	bgeu	a5,a4,10000644 <print_dec+0x3a8>
1000062c:	03500513          	li	a0,53
10000630:	b4dff0ef          	jal	ra,1000017c <putchar>
10000634:	fec42783          	lw	a5,-20(s0)
10000638:	ffb78793          	addi	a5,a5,-5
1000063c:	fef42623          	sw	a5,-20(s0)
10000640:	0980006f          	j	100006d8 <print_dec+0x43c>
10000644:	fec42703          	lw	a4,-20(s0)
10000648:	00300793          	li	a5,3
1000064c:	00e7fe63          	bgeu	a5,a4,10000668 <print_dec+0x3cc>
10000650:	03400513          	li	a0,52
10000654:	b29ff0ef          	jal	ra,1000017c <putchar>
10000658:	fec42783          	lw	a5,-20(s0)
1000065c:	ffc78793          	addi	a5,a5,-4
10000660:	fef42623          	sw	a5,-20(s0)
10000664:	0740006f          	j	100006d8 <print_dec+0x43c>
10000668:	fec42703          	lw	a4,-20(s0)
1000066c:	00200793          	li	a5,2
10000670:	00e7fe63          	bgeu	a5,a4,1000068c <print_dec+0x3f0>
10000674:	03300513          	li	a0,51
10000678:	b05ff0ef          	jal	ra,1000017c <putchar>
1000067c:	fec42783          	lw	a5,-20(s0)
10000680:	ffd78793          	addi	a5,a5,-3
10000684:	fef42623          	sw	a5,-20(s0)
10000688:	0500006f          	j	100006d8 <print_dec+0x43c>
1000068c:	fec42703          	lw	a4,-20(s0)
10000690:	00100793          	li	a5,1
10000694:	00e7fe63          	bgeu	a5,a4,100006b0 <print_dec+0x414>
10000698:	03200513          	li	a0,50
1000069c:	ae1ff0ef          	jal	ra,1000017c <putchar>
100006a0:	fec42783          	lw	a5,-20(s0)
100006a4:	ffe78793          	addi	a5,a5,-2
100006a8:	fef42623          	sw	a5,-20(s0)
100006ac:	02c0006f          	j	100006d8 <print_dec+0x43c>
100006b0:	fec42783          	lw	a5,-20(s0)
100006b4:	00078e63          	beqz	a5,100006d0 <print_dec+0x434>
100006b8:	03100513          	li	a0,49
100006bc:	ac1ff0ef          	jal	ra,1000017c <putchar>
100006c0:	fec42783          	lw	a5,-20(s0)
100006c4:	fff78793          	addi	a5,a5,-1
100006c8:	fef42623          	sw	a5,-20(s0)
100006cc:	00c0006f          	j	100006d8 <print_dec+0x43c>
100006d0:	03000513          	li	a0,48
100006d4:	aa9ff0ef          	jal	ra,1000017c <putchar>
100006d8:	01c12083          	lw	ra,28(sp)
100006dc:	01812403          	lw	s0,24(sp)
100006e0:	02010113          	addi	sp,sp,32
100006e4:	00008067          	ret

100006e8 <print_digit>:
100006e8:	fe010113          	addi	sp,sp,-32
100006ec:	00112e23          	sw	ra,28(sp)
100006f0:	00812c23          	sw	s0,24(sp)
100006f4:	02010413          	addi	s0,sp,32
100006f8:	fea42623          	sw	a0,-20(s0)
100006fc:	fec42783          	lw	a5,-20(s0)
10000700:	00f7f793          	andi	a5,a5,15
10000704:	fef42623          	sw	a5,-20(s0)
10000708:	fec42703          	lw	a4,-20(s0)
1000070c:	00900793          	li	a5,9
10000710:	00f71863          	bne	a4,a5,10000720 <print_digit+0x38>
10000714:	03900513          	li	a0,57
10000718:	a65ff0ef          	jal	ra,1000017c <putchar>
1000071c:	1700006f          	j	1000088c <print_digit+0x1a4>
10000720:	fec42703          	lw	a4,-20(s0)
10000724:	00800793          	li	a5,8
10000728:	00f71863          	bne	a4,a5,10000738 <print_digit+0x50>
1000072c:	03800513          	li	a0,56
10000730:	a4dff0ef          	jal	ra,1000017c <putchar>
10000734:	1580006f          	j	1000088c <print_digit+0x1a4>
10000738:	fec42703          	lw	a4,-20(s0)
1000073c:	00700793          	li	a5,7
10000740:	00f71863          	bne	a4,a5,10000750 <print_digit+0x68>
10000744:	03700513          	li	a0,55
10000748:	a35ff0ef          	jal	ra,1000017c <putchar>
1000074c:	1400006f          	j	1000088c <print_digit+0x1a4>
10000750:	fec42703          	lw	a4,-20(s0)
10000754:	00600793          	li	a5,6
10000758:	00f71863          	bne	a4,a5,10000768 <print_digit+0x80>
1000075c:	03600513          	li	a0,54
10000760:	a1dff0ef          	jal	ra,1000017c <putchar>
10000764:	1280006f          	j	1000088c <print_digit+0x1a4>
10000768:	fec42703          	lw	a4,-20(s0)
1000076c:	00500793          	li	a5,5
10000770:	00f71863          	bne	a4,a5,10000780 <print_digit+0x98>
10000774:	03500513          	li	a0,53
10000778:	a05ff0ef          	jal	ra,1000017c <putchar>
1000077c:	1100006f          	j	1000088c <print_digit+0x1a4>
10000780:	fec42703          	lw	a4,-20(s0)
10000784:	00400793          	li	a5,4
10000788:	00f71863          	bne	a4,a5,10000798 <print_digit+0xb0>
1000078c:	03400513          	li	a0,52
10000790:	9edff0ef          	jal	ra,1000017c <putchar>
10000794:	0f80006f          	j	1000088c <print_digit+0x1a4>
10000798:	fec42703          	lw	a4,-20(s0)
1000079c:	00300793          	li	a5,3
100007a0:	00f71863          	bne	a4,a5,100007b0 <print_digit+0xc8>
100007a4:	03300513          	li	a0,51
100007a8:	9d5ff0ef          	jal	ra,1000017c <putchar>
100007ac:	0e00006f          	j	1000088c <print_digit+0x1a4>
100007b0:	fec42703          	lw	a4,-20(s0)
100007b4:	00200793          	li	a5,2
100007b8:	00f71863          	bne	a4,a5,100007c8 <print_digit+0xe0>
100007bc:	03200513          	li	a0,50
100007c0:	9bdff0ef          	jal	ra,1000017c <putchar>
100007c4:	0c80006f          	j	1000088c <print_digit+0x1a4>
100007c8:	fec42703          	lw	a4,-20(s0)
100007cc:	00100793          	li	a5,1
100007d0:	00f71863          	bne	a4,a5,100007e0 <print_digit+0xf8>
100007d4:	03100513          	li	a0,49
100007d8:	9a5ff0ef          	jal	ra,1000017c <putchar>
100007dc:	0b00006f          	j	1000088c <print_digit+0x1a4>
100007e0:	fec42783          	lw	a5,-20(s0)
100007e4:	00079863          	bnez	a5,100007f4 <print_digit+0x10c>
100007e8:	03000513          	li	a0,48
100007ec:	991ff0ef          	jal	ra,1000017c <putchar>
100007f0:	09c0006f          	j	1000088c <print_digit+0x1a4>
100007f4:	fec42703          	lw	a4,-20(s0)
100007f8:	00a00793          	li	a5,10
100007fc:	00f71863          	bne	a4,a5,1000080c <print_digit+0x124>
10000800:	06100513          	li	a0,97
10000804:	979ff0ef          	jal	ra,1000017c <putchar>
10000808:	0840006f          	j	1000088c <print_digit+0x1a4>
1000080c:	fec42703          	lw	a4,-20(s0)
10000810:	00b00793          	li	a5,11
10000814:	00f71863          	bne	a4,a5,10000824 <print_digit+0x13c>
10000818:	06200513          	li	a0,98
1000081c:	961ff0ef          	jal	ra,1000017c <putchar>
10000820:	06c0006f          	j	1000088c <print_digit+0x1a4>
10000824:	fec42703          	lw	a4,-20(s0)
10000828:	00c00793          	li	a5,12
1000082c:	00f71863          	bne	a4,a5,1000083c <print_digit+0x154>
10000830:	06300513          	li	a0,99
10000834:	949ff0ef          	jal	ra,1000017c <putchar>
10000838:	0540006f          	j	1000088c <print_digit+0x1a4>
1000083c:	fec42703          	lw	a4,-20(s0)
10000840:	00d00793          	li	a5,13
10000844:	00f71863          	bne	a4,a5,10000854 <print_digit+0x16c>
10000848:	06400513          	li	a0,100
1000084c:	931ff0ef          	jal	ra,1000017c <putchar>
10000850:	03c0006f          	j	1000088c <print_digit+0x1a4>
10000854:	fec42703          	lw	a4,-20(s0)
10000858:	00e00793          	li	a5,14
1000085c:	00f71863          	bne	a4,a5,1000086c <print_digit+0x184>
10000860:	06500513          	li	a0,101
10000864:	919ff0ef          	jal	ra,1000017c <putchar>
10000868:	0240006f          	j	1000088c <print_digit+0x1a4>
1000086c:	fec42703          	lw	a4,-20(s0)
10000870:	00f00793          	li	a5,15
10000874:	00f71863          	bne	a4,a5,10000884 <print_digit+0x19c>
10000878:	06600513          	li	a0,102
1000087c:	901ff0ef          	jal	ra,1000017c <putchar>
10000880:	00c0006f          	j	1000088c <print_digit+0x1a4>
10000884:	02a00513          	li	a0,42
10000888:	8f5ff0ef          	jal	ra,1000017c <putchar>
1000088c:	00000013          	nop
10000890:	01c12083          	lw	ra,28(sp)
10000894:	01812403          	lw	s0,24(sp)
10000898:	02010113          	addi	sp,sp,32
1000089c:	00008067          	ret

100008a0 <cfg_store>:
100008a0:	fd010113          	addi	sp,sp,-48
100008a4:	02812623          	sw	s0,44(sp)
100008a8:	03010413          	addi	s0,sp,48
100008ac:	fea42623          	sw	a0,-20(s0)
100008b0:	feb42423          	sw	a1,-24(s0)
100008b4:	fec42223          	sw	a2,-28(s0)
100008b8:	fed42023          	sw	a3,-32(s0)
100008bc:	fce42e23          	sw	a4,-36(s0)
100008c0:	300007b7          	lui	a5,0x30000
100008c4:	fec42703          	lw	a4,-20(s0)
100008c8:	00e7a023          	sw	a4,0(a5) # 30000000 <_etext+0x1fffe500>
100008cc:	300007b7          	lui	a5,0x30000
100008d0:	00878793          	addi	a5,a5,8 # 30000008 <_etext+0x1fffe508>
100008d4:	fdc42703          	lw	a4,-36(s0)
100008d8:	00e7a023          	sw	a4,0(a5)
100008dc:	300007b7          	lui	a5,0x30000
100008e0:	00c78793          	addi	a5,a5,12 # 3000000c <_etext+0x1fffe50c>
100008e4:	fe042703          	lw	a4,-32(s0)
100008e8:	00e7a023          	sw	a4,0(a5)
100008ec:	300007b7          	lui	a5,0x30000
100008f0:	01078793          	addi	a5,a5,16 # 30000010 <_etext+0x1fffe510>
100008f4:	fe442703          	lw	a4,-28(s0)
100008f8:	00e7a023          	sw	a4,0(a5)
100008fc:	300007b7          	lui	a5,0x30000
10000900:	01478793          	addi	a5,a5,20 # 30000014 <_etext+0x1fffe514>
10000904:	fe842703          	lw	a4,-24(s0)
10000908:	00e7a023          	sw	a4,0(a5)
1000090c:	300007b7          	lui	a5,0x30000
10000910:	00478793          	addi	a5,a5,4 # 30000004 <_etext+0x1fffe504>
10000914:	00100713          	li	a4,1
10000918:	00e7a023          	sw	a4,0(a5)
1000091c:	00000013          	nop
10000920:	02c12403          	lw	s0,44(sp)
10000924:	03010113          	addi	sp,sp,48
10000928:	00008067          	ret

1000092c <cfg_load>:
1000092c:	fe010113          	addi	sp,sp,-32
10000930:	00812e23          	sw	s0,28(sp)
10000934:	02010413          	addi	s0,sp,32
10000938:	fea42623          	sw	a0,-20(s0)
1000093c:	feb42423          	sw	a1,-24(s0)
10000940:	300007b7          	lui	a5,0x30000
10000944:	fec42703          	lw	a4,-20(s0)
10000948:	00e7a023          	sw	a4,0(a5) # 30000000 <_etext+0x1fffe500>
1000094c:	300007b7          	lui	a5,0x30000
10000950:	00478793          	addi	a5,a5,4 # 30000004 <_etext+0x1fffe504>
10000954:	00200713          	li	a4,2
10000958:	00e7a023          	sw	a4,0(a5)
1000095c:	00000013          	nop
10000960:	300007b7          	lui	a5,0x30000
10000964:	00878793          	addi	a5,a5,8 # 30000008 <_etext+0x1fffe508>
10000968:	0007a783          	lw	a5,0(a5)
1000096c:	00078713          	mv	a4,a5
10000970:	fe842783          	lw	a5,-24(s0)
10000974:	00e7a023          	sw	a4,0(a5)
10000978:	300007b7          	lui	a5,0x30000
1000097c:	00c78793          	addi	a5,a5,12 # 3000000c <_etext+0x1fffe50c>
10000980:	0007a703          	lw	a4,0(a5)
10000984:	fe842783          	lw	a5,-24(s0)
10000988:	00478793          	addi	a5,a5,4
1000098c:	00e7a023          	sw	a4,0(a5)
10000990:	300007b7          	lui	a5,0x30000
10000994:	01078793          	addi	a5,a5,16 # 30000010 <_etext+0x1fffe510>
10000998:	0007a703          	lw	a4,0(a5)
1000099c:	fe842783          	lw	a5,-24(s0)
100009a0:	00878793          	addi	a5,a5,8
100009a4:	00e7a023          	sw	a4,0(a5)
100009a8:	300007b7          	lui	a5,0x30000
100009ac:	01478793          	addi	a5,a5,20 # 30000014 <_etext+0x1fffe514>
100009b0:	0007a703          	lw	a4,0(a5)
100009b4:	fe842783          	lw	a5,-24(s0)
100009b8:	00c78793          	addi	a5,a5,12
100009bc:	00e7a023          	sw	a4,0(a5)
100009c0:	00000013          	nop
100009c4:	01c12403          	lw	s0,28(sp)
100009c8:	02010113          	addi	sp,sp,32
100009cc:	00008067          	ret

100009d0 <check_output>:
100009d0:	fd010113          	addi	sp,sp,-48
100009d4:	02812623          	sw	s0,44(sp)
100009d8:	03010413          	addi	s0,sp,48
100009dc:	fca42e23          	sw	a0,-36(s0)
100009e0:	fcb42c23          	sw	a1,-40(s0)
100009e4:	fe042623          	sw	zero,-20(s0)
100009e8:	0440006f          	j	10000a2c <check_output+0x5c>
100009ec:	fec42783          	lw	a5,-20(s0)
100009f0:	00279793          	slli	a5,a5,0x2
100009f4:	fdc42703          	lw	a4,-36(s0)
100009f8:	00f707b3          	add	a5,a4,a5
100009fc:	0007a703          	lw	a4,0(a5)
10000a00:	fec42783          	lw	a5,-20(s0)
10000a04:	00279793          	slli	a5,a5,0x2
10000a08:	fd842683          	lw	a3,-40(s0)
10000a0c:	00f687b3          	add	a5,a3,a5
10000a10:	0007a783          	lw	a5,0(a5)
10000a14:	00f70663          	beq	a4,a5,10000a20 <check_output+0x50>
10000a18:	00000793          	li	a5,0
10000a1c:	0200006f          	j	10000a3c <check_output+0x6c>
10000a20:	fec42783          	lw	a5,-20(s0)
10000a24:	00178793          	addi	a5,a5,1
10000a28:	fef42623          	sw	a5,-20(s0)
10000a2c:	fec42703          	lw	a4,-20(s0)
10000a30:	00300793          	li	a5,3
10000a34:	fae7dce3          	bge	a5,a4,100009ec <check_output+0x1c>
10000a38:	00100793          	li	a5,1
10000a3c:	00078513          	mv	a0,a5
10000a40:	02c12403          	lw	s0,44(sp)
10000a44:	03010113          	addi	sp,sp,48
10000a48:	00008067          	ret

10000a4c <mult_arr>:
10000a4c:	fd010113          	addi	sp,sp,-48
10000a50:	02812623          	sw	s0,44(sp)
10000a54:	03010413          	addi	s0,sp,48
10000a58:	fca42e23          	sw	a0,-36(s0)
10000a5c:	fe042623          	sw	zero,-20(s0)
10000a60:	03c0006f          	j	10000a9c <mult_arr+0x50>
10000a64:	fec42783          	lw	a5,-20(s0)
10000a68:	00279793          	slli	a5,a5,0x2
10000a6c:	fdc42703          	lw	a4,-36(s0)
10000a70:	00f707b3          	add	a5,a4,a5
10000a74:	0007a703          	lw	a4,0(a5)
10000a78:	fec42783          	lw	a5,-20(s0)
10000a7c:	00279793          	slli	a5,a5,0x2
10000a80:	fdc42683          	lw	a3,-36(s0)
10000a84:	00f687b3          	add	a5,a3,a5
10000a88:	00171713          	slli	a4,a4,0x1
10000a8c:	00e7a023          	sw	a4,0(a5)
10000a90:	fec42783          	lw	a5,-20(s0)
10000a94:	00178793          	addi	a5,a5,1
10000a98:	fef42623          	sw	a5,-20(s0)
10000a9c:	fec42703          	lw	a4,-20(s0)
10000aa0:	00300793          	li	a5,3
10000aa4:	fce7d0e3          	bge	a5,a4,10000a64 <mult_arr+0x18>
10000aa8:	00000013          	nop
10000aac:	02c12403          	lw	s0,44(sp)
10000ab0:	03010113          	addi	sp,sp,48
10000ab4:	00008067          	ret

10000ab8 <run_test>:
10000ab8:	f9010113          	addi	sp,sp,-112
10000abc:	06112623          	sw	ra,108(sp)
10000ac0:	06812423          	sw	s0,104(sp)
10000ac4:	07010413          	addi	s0,sp,112
10000ac8:	fc042623          	sw	zero,-52(s0)
10000acc:	fc042823          	sw	zero,-48(s0)
10000ad0:	fc042a23          	sw	zero,-44(s0)
10000ad4:	fc042c23          	sw	zero,-40(s0)
10000ad8:	100027b7          	lui	a5,0x10002
10000adc:	a447a603          	lw	a2,-1468(a5) # 10001a44 <main+0x518>
10000ae0:	a4478713          	addi	a4,a5,-1468
10000ae4:	00472683          	lw	a3,4(a4)
10000ae8:	a4478713          	addi	a4,a5,-1468
10000aec:	00872703          	lw	a4,8(a4)
10000af0:	a4478793          	addi	a5,a5,-1468
10000af4:	00c7a783          	lw	a5,12(a5)
10000af8:	fac42e23          	sw	a2,-68(s0)
10000afc:	fcd42023          	sw	a3,-64(s0)
10000b00:	fce42223          	sw	a4,-60(s0)
10000b04:	fcf42423          	sw	a5,-56(s0)
10000b08:	fc842783          	lw	a5,-56(s0)
10000b0c:	fc442603          	lw	a2,-60(s0)
10000b10:	fc042683          	lw	a3,-64(s0)
10000b14:	fbc42703          	lw	a4,-68(s0)
10000b18:	00078593          	mv	a1,a5
10000b1c:	00000513          	li	a0,0
10000b20:	d81ff0ef          	jal	ra,100008a0 <cfg_store>
10000b24:	fc842783          	lw	a5,-56(s0)
10000b28:	00179593          	slli	a1,a5,0x1
10000b2c:	fc442783          	lw	a5,-60(s0)
10000b30:	00179613          	slli	a2,a5,0x1
10000b34:	fc042783          	lw	a5,-64(s0)
10000b38:	00179693          	slli	a3,a5,0x1
10000b3c:	fbc42783          	lw	a5,-68(s0)
10000b40:	00179793          	slli	a5,a5,0x1
10000b44:	00078713          	mv	a4,a5
10000b48:	00100513          	li	a0,1
10000b4c:	d55ff0ef          	jal	ra,100008a0 <cfg_store>
10000b50:	fc842783          	lw	a5,-56(s0)
10000b54:	00279593          	slli	a1,a5,0x2
10000b58:	fc442783          	lw	a5,-60(s0)
10000b5c:	00279613          	slli	a2,a5,0x2
10000b60:	fc042783          	lw	a5,-64(s0)
10000b64:	00279693          	slli	a3,a5,0x2
10000b68:	fbc42783          	lw	a5,-68(s0)
10000b6c:	00279793          	slli	a5,a5,0x2
10000b70:	00078713          	mv	a4,a5
10000b74:	00200513          	li	a0,2
10000b78:	d29ff0ef          	jal	ra,100008a0 <cfg_store>
10000b7c:	fc842783          	lw	a5,-56(s0)
10000b80:	00379593          	slli	a1,a5,0x3
10000b84:	fc442783          	lw	a5,-60(s0)
10000b88:	00379613          	slli	a2,a5,0x3
10000b8c:	fc042783          	lw	a5,-64(s0)
10000b90:	00379693          	slli	a3,a5,0x3
10000b94:	fbc42783          	lw	a5,-68(s0)
10000b98:	00379793          	slli	a5,a5,0x3
10000b9c:	00078713          	mv	a4,a5
10000ba0:	00300513          	li	a0,3
10000ba4:	cfdff0ef          	jal	ra,100008a0 <cfg_store>
10000ba8:	fcc40793          	addi	a5,s0,-52
10000bac:	00078593          	mv	a1,a5
10000bb0:	00000513          	li	a0,0
10000bb4:	d79ff0ef          	jal	ra,1000092c <cfg_load>
10000bb8:	fcc40713          	addi	a4,s0,-52
10000bbc:	fbc40793          	addi	a5,s0,-68
10000bc0:	00070593          	mv	a1,a4
10000bc4:	00078513          	mv	a0,a5
10000bc8:	e09ff0ef          	jal	ra,100009d0 <check_output>
10000bcc:	00050793          	mv	a5,a0
10000bd0:	0017c793          	xori	a5,a5,1
10000bd4:	0ff7f793          	andi	a5,a5,255
10000bd8:	00078663          	beqz	a5,10000be4 <run_test+0x12c>
10000bdc:	00000793          	li	a5,0
10000be0:	1ec0006f          	j	10000dcc <run_test+0x314>
10000be4:	fcc40793          	addi	a5,s0,-52
10000be8:	00078593          	mv	a1,a5
10000bec:	00100513          	li	a0,1
10000bf0:	d3dff0ef          	jal	ra,1000092c <cfg_load>
10000bf4:	fbc40793          	addi	a5,s0,-68
10000bf8:	00078513          	mv	a0,a5
10000bfc:	e51ff0ef          	jal	ra,10000a4c <mult_arr>
10000c00:	fcc40713          	addi	a4,s0,-52
10000c04:	fbc40793          	addi	a5,s0,-68
10000c08:	00070593          	mv	a1,a4
10000c0c:	00078513          	mv	a0,a5
10000c10:	dc1ff0ef          	jal	ra,100009d0 <check_output>
10000c14:	00050793          	mv	a5,a0
10000c18:	0017c793          	xori	a5,a5,1
10000c1c:	0ff7f793          	andi	a5,a5,255
10000c20:	00078663          	beqz	a5,10000c2c <run_test+0x174>
10000c24:	00000793          	li	a5,0
10000c28:	1a40006f          	j	10000dcc <run_test+0x314>
10000c2c:	fcc40793          	addi	a5,s0,-52
10000c30:	00078593          	mv	a1,a5
10000c34:	00200513          	li	a0,2
10000c38:	cf5ff0ef          	jal	ra,1000092c <cfg_load>
10000c3c:	fbc40793          	addi	a5,s0,-68
10000c40:	00078513          	mv	a0,a5
10000c44:	e09ff0ef          	jal	ra,10000a4c <mult_arr>
10000c48:	fcc40713          	addi	a4,s0,-52
10000c4c:	fbc40793          	addi	a5,s0,-68
10000c50:	00070593          	mv	a1,a4
10000c54:	00078513          	mv	a0,a5
10000c58:	d79ff0ef          	jal	ra,100009d0 <check_output>
10000c5c:	00050793          	mv	a5,a0
10000c60:	0017c793          	xori	a5,a5,1
10000c64:	0ff7f793          	andi	a5,a5,255
10000c68:	00078663          	beqz	a5,10000c74 <run_test+0x1bc>
10000c6c:	00000793          	li	a5,0
10000c70:	15c0006f          	j	10000dcc <run_test+0x314>
10000c74:	fe042623          	sw	zero,-20(s0)
10000c78:	0640006f          	j	10000cdc <run_test+0x224>
10000c7c:	fe042423          	sw	zero,-24(s0)
10000c80:	0440006f          	j	10000cc4 <run_test+0x20c>
10000c84:	fec42783          	lw	a5,-20(s0)
10000c88:	00479713          	slli	a4,a5,0x4
10000c8c:	fe842783          	lw	a5,-24(s0)
10000c90:	00f70533          	add	a0,a4,a5
10000c94:	fe842783          	lw	a5,-24(s0)
10000c98:	00378593          	addi	a1,a5,3
10000c9c:	fe842783          	lw	a5,-24(s0)
10000ca0:	00278613          	addi	a2,a5,2
10000ca4:	fe842783          	lw	a5,-24(s0)
10000ca8:	00178793          	addi	a5,a5,1
10000cac:	fe842703          	lw	a4,-24(s0)
10000cb0:	00078693          	mv	a3,a5
10000cb4:	bedff0ef          	jal	ra,100008a0 <cfg_store>
10000cb8:	fe842783          	lw	a5,-24(s0)
10000cbc:	00178793          	addi	a5,a5,1
10000cc0:	fef42423          	sw	a5,-24(s0)
10000cc4:	fe842703          	lw	a4,-24(s0)
10000cc8:	00700793          	li	a5,7
10000ccc:	fae7dce3          	bge	a5,a4,10000c84 <run_test+0x1cc>
10000cd0:	fec42783          	lw	a5,-20(s0)
10000cd4:	00178793          	addi	a5,a5,1
10000cd8:	fef42623          	sw	a5,-20(s0)
10000cdc:	fec42783          	lw	a5,-20(s0)
10000ce0:	f8f05ee3          	blez	a5,10000c7c <run_test+0x1c4>
10000ce4:	00700793          	li	a5,7
10000ce8:	fcf42e23          	sw	a5,-36(s0)
10000cec:	fdc42783          	lw	a5,-36(s0)
10000cf0:	00378593          	addi	a1,a5,3
10000cf4:	fdc42783          	lw	a5,-36(s0)
10000cf8:	00278613          	addi	a2,a5,2
10000cfc:	fdc42783          	lw	a5,-36(s0)
10000d00:	00178793          	addi	a5,a5,1
10000d04:	fdc42703          	lw	a4,-36(s0)
10000d08:	00078693          	mv	a3,a5
10000d0c:	04000513          	li	a0,64
10000d10:	b91ff0ef          	jal	ra,100008a0 <cfg_store>
10000d14:	fe042223          	sw	zero,-28(s0)
10000d18:	0a80006f          	j	10000dc0 <run_test+0x308>
10000d1c:	fe042023          	sw	zero,-32(s0)
10000d20:	0880006f          	j	10000da8 <run_test+0x2f0>
10000d24:	fe042783          	lw	a5,-32(s0)
10000d28:	f8f42e23          	sw	a5,-100(s0)
10000d2c:	fe042783          	lw	a5,-32(s0)
10000d30:	00178793          	addi	a5,a5,1
10000d34:	faf42023          	sw	a5,-96(s0)
10000d38:	fe042783          	lw	a5,-32(s0)
10000d3c:	00278793          	addi	a5,a5,2
10000d40:	faf42223          	sw	a5,-92(s0)
10000d44:	fe042783          	lw	a5,-32(s0)
10000d48:	00378793          	addi	a5,a5,3
10000d4c:	faf42423          	sw	a5,-88(s0)
10000d50:	fe442783          	lw	a5,-28(s0)
10000d54:	00479713          	slli	a4,a5,0x4
10000d58:	fe042783          	lw	a5,-32(s0)
10000d5c:	00f707b3          	add	a5,a4,a5
10000d60:	fcc40713          	addi	a4,s0,-52
10000d64:	00070593          	mv	a1,a4
10000d68:	00078513          	mv	a0,a5
10000d6c:	bc1ff0ef          	jal	ra,1000092c <cfg_load>
10000d70:	fcc40713          	addi	a4,s0,-52
10000d74:	f9c40793          	addi	a5,s0,-100
10000d78:	00070593          	mv	a1,a4
10000d7c:	00078513          	mv	a0,a5
10000d80:	c51ff0ef          	jal	ra,100009d0 <check_output>
10000d84:	00050793          	mv	a5,a0
10000d88:	0017c793          	xori	a5,a5,1
10000d8c:	0ff7f793          	andi	a5,a5,255
10000d90:	00078663          	beqz	a5,10000d9c <run_test+0x2e4>
10000d94:	00000793          	li	a5,0
10000d98:	0340006f          	j	10000dcc <run_test+0x314>
10000d9c:	fe042783          	lw	a5,-32(s0)
10000da0:	00178793          	addi	a5,a5,1
10000da4:	fef42023          	sw	a5,-32(s0)
10000da8:	fe042703          	lw	a4,-32(s0)
10000dac:	00700793          	li	a5,7
10000db0:	f6e7dae3          	bge	a5,a4,10000d24 <run_test+0x26c>
10000db4:	fe442783          	lw	a5,-28(s0)
10000db8:	00178793          	addi	a5,a5,1
10000dbc:	fef42223          	sw	a5,-28(s0)
10000dc0:	fe442783          	lw	a5,-28(s0)
10000dc4:	f4f05ce3          	blez	a5,10000d1c <run_test+0x264>
10000dc8:	00100793          	li	a5,1
10000dcc:	00078513          	mv	a0,a5
10000dd0:	06c12083          	lw	ra,108(sp)
10000dd4:	06812403          	lw	s0,104(sp)
10000dd8:	07010113          	addi	sp,sp,112
10000ddc:	00008067          	ret

10000de0 <test_conv1_mem>:
10000de0:	fa010113          	addi	sp,sp,-96
10000de4:	04112e23          	sw	ra,92(sp)
10000de8:	04812c23          	sw	s0,88(sp)
10000dec:	06010413          	addi	s0,sp,96
10000df0:	fc042423          	sw	zero,-56(s0)
10000df4:	fc042623          	sw	zero,-52(s0)
10000df8:	fc042823          	sw	zero,-48(s0)
10000dfc:	fc042a23          	sw	zero,-44(s0)
10000e00:	fe042623          	sw	zero,-20(s0)
10000e04:	0600006f          	j	10000e64 <test_conv1_mem+0x84>
10000e08:	fe042423          	sw	zero,-24(s0)
10000e0c:	0400006f          	j	10000e4c <test_conv1_mem+0x6c>
10000e10:	fec42703          	lw	a4,-20(s0)
10000e14:	fe842783          	lw	a5,-24(s0)
10000e18:	00f70533          	add	a0,a4,a5
10000e1c:	fe842783          	lw	a5,-24(s0)
10000e20:	00378593          	addi	a1,a5,3
10000e24:	fe842783          	lw	a5,-24(s0)
10000e28:	00278613          	addi	a2,a5,2
10000e2c:	fe842783          	lw	a5,-24(s0)
10000e30:	00178793          	addi	a5,a5,1
10000e34:	fe842703          	lw	a4,-24(s0)
10000e38:	00078693          	mv	a3,a5
10000e3c:	a65ff0ef          	jal	ra,100008a0 <cfg_store>
10000e40:	fe842783          	lw	a5,-24(s0)
10000e44:	00178793          	addi	a5,a5,1
10000e48:	fef42423          	sw	a5,-24(s0)
10000e4c:	fe842703          	lw	a4,-24(s0)
10000e50:	00700793          	li	a5,7
10000e54:	fae7dee3          	bge	a5,a4,10000e10 <test_conv1_mem+0x30>
10000e58:	fec42783          	lw	a5,-20(s0)
10000e5c:	01078793          	addi	a5,a5,16
10000e60:	fef42623          	sw	a5,-20(s0)
10000e64:	fec42703          	lw	a4,-20(s0)
10000e68:	03f00793          	li	a5,63
10000e6c:	f8e7dee3          	bge	a5,a4,10000e08 <test_conv1_mem+0x28>
10000e70:	fc042e23          	sw	zero,-36(s0)
10000e74:	fdc42783          	lw	a5,-36(s0)
10000e78:	00378593          	addi	a1,a5,3
10000e7c:	fdc42783          	lw	a5,-36(s0)
10000e80:	00278613          	addi	a2,a5,2
10000e84:	fdc42783          	lw	a5,-36(s0)
10000e88:	00178793          	addi	a5,a5,1
10000e8c:	fdc42703          	lw	a4,-36(s0)
10000e90:	00078693          	mv	a3,a5
10000e94:	04000513          	li	a0,64
10000e98:	a09ff0ef          	jal	ra,100008a0 <cfg_store>
10000e9c:	03000793          	li	a5,48
10000ea0:	fcf40da3          	sb	a5,-37(s0)
10000ea4:	03000793          	li	a5,48
10000ea8:	fcf40d23          	sb	a5,-38(s0)
10000eac:	fe042223          	sw	zero,-28(s0)
10000eb0:	0a40006f          	j	10000f54 <test_conv1_mem+0x174>
10000eb4:	fe042023          	sw	zero,-32(s0)
10000eb8:	0840006f          	j	10000f3c <test_conv1_mem+0x15c>
10000ebc:	fe442703          	lw	a4,-28(s0)
10000ec0:	fe042783          	lw	a5,-32(s0)
10000ec4:	00f707b3          	add	a5,a4,a5
10000ec8:	fc840713          	addi	a4,s0,-56
10000ecc:	00070593          	mv	a1,a4
10000ed0:	00078513          	mv	a0,a5
10000ed4:	a59ff0ef          	jal	ra,1000092c <cfg_load>
10000ed8:	fe042783          	lw	a5,-32(s0)
10000edc:	faf42423          	sw	a5,-88(s0)
10000ee0:	fe042783          	lw	a5,-32(s0)
10000ee4:	00178793          	addi	a5,a5,1
10000ee8:	faf42623          	sw	a5,-84(s0)
10000eec:	fe042783          	lw	a5,-32(s0)
10000ef0:	00278793          	addi	a5,a5,2
10000ef4:	faf42823          	sw	a5,-80(s0)
10000ef8:	fe042783          	lw	a5,-32(s0)
10000efc:	00378793          	addi	a5,a5,3
10000f00:	faf42a23          	sw	a5,-76(s0)
10000f04:	fc840713          	addi	a4,s0,-56
10000f08:	fa840793          	addi	a5,s0,-88
10000f0c:	00070593          	mv	a1,a4
10000f10:	00078513          	mv	a0,a5
10000f14:	abdff0ef          	jal	ra,100009d0 <check_output>
10000f18:	00050793          	mv	a5,a0
10000f1c:	0017c793          	xori	a5,a5,1
10000f20:	0ff7f793          	andi	a5,a5,255
10000f24:	00078663          	beqz	a5,10000f30 <test_conv1_mem+0x150>
10000f28:	00000793          	li	a5,0
10000f2c:	0a00006f          	j	10000fcc <test_conv1_mem+0x1ec>
10000f30:	fe042783          	lw	a5,-32(s0)
10000f34:	00178793          	addi	a5,a5,1
10000f38:	fef42023          	sw	a5,-32(s0)
10000f3c:	fe042703          	lw	a4,-32(s0)
10000f40:	00700793          	li	a5,7
10000f44:	f6e7dce3          	bge	a5,a4,10000ebc <test_conv1_mem+0xdc>
10000f48:	fe442783          	lw	a5,-28(s0)
10000f4c:	01078793          	addi	a5,a5,16
10000f50:	fef42223          	sw	a5,-28(s0)
10000f54:	fe442703          	lw	a4,-28(s0)
10000f58:	03f00793          	li	a5,63
10000f5c:	f4e7dce3          	bge	a5,a4,10000eb4 <test_conv1_mem+0xd4>
10000f60:	fc840793          	addi	a5,s0,-56
10000f64:	00078593          	mv	a1,a5
10000f68:	04000513          	li	a0,64
10000f6c:	9c1ff0ef          	jal	ra,1000092c <cfg_load>
10000f70:	fdc42783          	lw	a5,-36(s0)
10000f74:	faf42c23          	sw	a5,-72(s0)
10000f78:	fdc42783          	lw	a5,-36(s0)
10000f7c:	00178793          	addi	a5,a5,1
10000f80:	faf42e23          	sw	a5,-68(s0)
10000f84:	fdc42783          	lw	a5,-36(s0)
10000f88:	00278793          	addi	a5,a5,2
10000f8c:	fcf42023          	sw	a5,-64(s0)
10000f90:	fdc42783          	lw	a5,-36(s0)
10000f94:	00378793          	addi	a5,a5,3
10000f98:	fcf42223          	sw	a5,-60(s0)
10000f9c:	fc840713          	addi	a4,s0,-56
10000fa0:	fb840793          	addi	a5,s0,-72
10000fa4:	00070593          	mv	a1,a4
10000fa8:	00078513          	mv	a0,a5
10000fac:	a25ff0ef          	jal	ra,100009d0 <check_output>
10000fb0:	00050793          	mv	a5,a0
10000fb4:	0017c793          	xori	a5,a5,1
10000fb8:	0ff7f793          	andi	a5,a5,255
10000fbc:	00078663          	beqz	a5,10000fc8 <test_conv1_mem+0x1e8>
10000fc0:	00000793          	li	a5,0
10000fc4:	0080006f          	j	10000fcc <test_conv1_mem+0x1ec>
10000fc8:	00100793          	li	a5,1
10000fcc:	00078513          	mv	a0,a5
10000fd0:	05c12083          	lw	ra,92(sp)
10000fd4:	05812403          	lw	s0,88(sp)
10000fd8:	06010113          	addi	sp,sp,96
10000fdc:	00008067          	ret

10000fe0 <test_conv2_mem>:
10000fe0:	fa010113          	addi	sp,sp,-96
10000fe4:	04112e23          	sw	ra,92(sp)
10000fe8:	04812c23          	sw	s0,88(sp)
10000fec:	06010413          	addi	s0,sp,96
10000ff0:	fc042623          	sw	zero,-52(s0)
10000ff4:	fc042823          	sw	zero,-48(s0)
10000ff8:	fc042a23          	sw	zero,-44(s0)
10000ffc:	fc042c23          	sw	zero,-40(s0)
10001000:	05000793          	li	a5,80
10001004:	fef42623          	sw	a5,-20(s0)
10001008:	0600006f          	j	10001068 <test_conv2_mem+0x88>
1000100c:	fe042423          	sw	zero,-24(s0)
10001010:	0400006f          	j	10001050 <test_conv2_mem+0x70>
10001014:	fec42703          	lw	a4,-20(s0)
10001018:	fe842783          	lw	a5,-24(s0)
1000101c:	00f70533          	add	a0,a4,a5
10001020:	fe842783          	lw	a5,-24(s0)
10001024:	00378593          	addi	a1,a5,3
10001028:	fe842783          	lw	a5,-24(s0)
1000102c:	00278613          	addi	a2,a5,2
10001030:	fe842783          	lw	a5,-24(s0)
10001034:	00178793          	addi	a5,a5,1
10001038:	fe842703          	lw	a4,-24(s0)
1000103c:	00078693          	mv	a3,a5
10001040:	861ff0ef          	jal	ra,100008a0 <cfg_store>
10001044:	fe842783          	lw	a5,-24(s0)
10001048:	00178793          	addi	a5,a5,1
1000104c:	fef42423          	sw	a5,-24(s0)
10001050:	fe842703          	lw	a4,-24(s0)
10001054:	00f00793          	li	a5,15
10001058:	fae7dee3          	bge	a5,a4,10001014 <test_conv2_mem+0x34>
1000105c:	fec42783          	lw	a5,-20(s0)
10001060:	01078793          	addi	a5,a5,16
10001064:	fef42623          	sw	a5,-20(s0)
10001068:	fec42703          	lw	a4,-20(s0)
1000106c:	08f00793          	li	a5,143
10001070:	f8e7dee3          	bge	a5,a4,1000100c <test_conv2_mem+0x2c>
10001074:	fc042e23          	sw	zero,-36(s0)
10001078:	fdc42783          	lw	a5,-36(s0)
1000107c:	00378593          	addi	a1,a5,3
10001080:	fdc42783          	lw	a5,-36(s0)
10001084:	00278613          	addi	a2,a5,2
10001088:	fdc42783          	lw	a5,-36(s0)
1000108c:	00178793          	addi	a5,a5,1
10001090:	fdc42703          	lw	a4,-36(s0)
10001094:	00078693          	mv	a3,a5
10001098:	09000513          	li	a0,144
1000109c:	805ff0ef          	jal	ra,100008a0 <cfg_store>
100010a0:	05000793          	li	a5,80
100010a4:	fef42223          	sw	a5,-28(s0)
100010a8:	0a40006f          	j	1000114c <test_conv2_mem+0x16c>
100010ac:	fe042023          	sw	zero,-32(s0)
100010b0:	0840006f          	j	10001134 <test_conv2_mem+0x154>
100010b4:	fe442703          	lw	a4,-28(s0)
100010b8:	fe042783          	lw	a5,-32(s0)
100010bc:	00f707b3          	add	a5,a4,a5
100010c0:	fcc40713          	addi	a4,s0,-52
100010c4:	00070593          	mv	a1,a4
100010c8:	00078513          	mv	a0,a5
100010cc:	861ff0ef          	jal	ra,1000092c <cfg_load>
100010d0:	fe042783          	lw	a5,-32(s0)
100010d4:	faf42623          	sw	a5,-84(s0)
100010d8:	fe042783          	lw	a5,-32(s0)
100010dc:	00178793          	addi	a5,a5,1
100010e0:	faf42823          	sw	a5,-80(s0)
100010e4:	fe042783          	lw	a5,-32(s0)
100010e8:	00278793          	addi	a5,a5,2
100010ec:	faf42a23          	sw	a5,-76(s0)
100010f0:	fe042783          	lw	a5,-32(s0)
100010f4:	00378793          	addi	a5,a5,3
100010f8:	faf42c23          	sw	a5,-72(s0)
100010fc:	fcc40713          	addi	a4,s0,-52
10001100:	fac40793          	addi	a5,s0,-84
10001104:	00070593          	mv	a1,a4
10001108:	00078513          	mv	a0,a5
1000110c:	8c5ff0ef          	jal	ra,100009d0 <check_output>
10001110:	00050793          	mv	a5,a0
10001114:	0017c793          	xori	a5,a5,1
10001118:	0ff7f793          	andi	a5,a5,255
1000111c:	00078663          	beqz	a5,10001128 <test_conv2_mem+0x148>
10001120:	00000793          	li	a5,0
10001124:	0a00006f          	j	100011c4 <test_conv2_mem+0x1e4>
10001128:	fe042783          	lw	a5,-32(s0)
1000112c:	00178793          	addi	a5,a5,1
10001130:	fef42023          	sw	a5,-32(s0)
10001134:	fe042703          	lw	a4,-32(s0)
10001138:	00f00793          	li	a5,15
1000113c:	f6e7dce3          	bge	a5,a4,100010b4 <test_conv2_mem+0xd4>
10001140:	fe442783          	lw	a5,-28(s0)
10001144:	01078793          	addi	a5,a5,16
10001148:	fef42223          	sw	a5,-28(s0)
1000114c:	fe442703          	lw	a4,-28(s0)
10001150:	08f00793          	li	a5,143
10001154:	f4e7dce3          	bge	a5,a4,100010ac <test_conv2_mem+0xcc>
10001158:	fcc40793          	addi	a5,s0,-52
1000115c:	00078593          	mv	a1,a5
10001160:	09000513          	li	a0,144
10001164:	fc8ff0ef          	jal	ra,1000092c <cfg_load>
10001168:	fdc42783          	lw	a5,-36(s0)
1000116c:	faf42e23          	sw	a5,-68(s0)
10001170:	fdc42783          	lw	a5,-36(s0)
10001174:	00178793          	addi	a5,a5,1
10001178:	fcf42023          	sw	a5,-64(s0)
1000117c:	fdc42783          	lw	a5,-36(s0)
10001180:	00278793          	addi	a5,a5,2
10001184:	fcf42223          	sw	a5,-60(s0)
10001188:	fdc42783          	lw	a5,-36(s0)
1000118c:	00378793          	addi	a5,a5,3
10001190:	fcf42423          	sw	a5,-56(s0)
10001194:	fcc40713          	addi	a4,s0,-52
10001198:	fbc40793          	addi	a5,s0,-68
1000119c:	00070593          	mv	a1,a4
100011a0:	00078513          	mv	a0,a5
100011a4:	82dff0ef          	jal	ra,100009d0 <check_output>
100011a8:	00050793          	mv	a5,a0
100011ac:	0017c793          	xori	a5,a5,1
100011b0:	0ff7f793          	andi	a5,a5,255
100011b4:	00078663          	beqz	a5,100011c0 <test_conv2_mem+0x1e0>
100011b8:	00000793          	li	a5,0
100011bc:	0080006f          	j	100011c4 <test_conv2_mem+0x1e4>
100011c0:	00100793          	li	a5,1
100011c4:	00078513          	mv	a0,a5
100011c8:	05c12083          	lw	ra,92(sp)
100011cc:	05812403          	lw	s0,88(sp)
100011d0:	06010113          	addi	sp,sp,96
100011d4:	00008067          	ret

100011d8 <test_fc_mem>:
100011d8:	fc010113          	addi	sp,sp,-64
100011dc:	02112e23          	sw	ra,60(sp)
100011e0:	02812c23          	sw	s0,56(sp)
100011e4:	04010413          	addi	s0,sp,64
100011e8:	fc042823          	sw	zero,-48(s0)
100011ec:	fc042a23          	sw	zero,-44(s0)
100011f0:	fc042c23          	sw	zero,-40(s0)
100011f4:	fc042e23          	sw	zero,-36(s0)
100011f8:	10000793          	li	a5,256
100011fc:	fef42623          	sw	a5,-20(s0)
10001200:	0600006f          	j	10001260 <test_fc_mem+0x88>
10001204:	fe042423          	sw	zero,-24(s0)
10001208:	0400006f          	j	10001248 <test_fc_mem+0x70>
1000120c:	fec42703          	lw	a4,-20(s0)
10001210:	fe842783          	lw	a5,-24(s0)
10001214:	00f70533          	add	a0,a4,a5
10001218:	fe842783          	lw	a5,-24(s0)
1000121c:	00378593          	addi	a1,a5,3
10001220:	fe842783          	lw	a5,-24(s0)
10001224:	00278613          	addi	a2,a5,2
10001228:	fe842783          	lw	a5,-24(s0)
1000122c:	00178793          	addi	a5,a5,1
10001230:	fe842703          	lw	a4,-24(s0)
10001234:	00078693          	mv	a3,a5
10001238:	e68ff0ef          	jal	ra,100008a0 <cfg_store>
1000123c:	fe842783          	lw	a5,-24(s0)
10001240:	00178793          	addi	a5,a5,1
10001244:	fef42423          	sw	a5,-24(s0)
10001248:	fe842703          	lw	a4,-24(s0)
1000124c:	0cf00793          	li	a5,207
10001250:	fae7dee3          	bge	a5,a4,1000120c <test_fc_mem+0x34>
10001254:	fec42783          	lw	a5,-20(s0)
10001258:	10078793          	addi	a5,a5,256
1000125c:	fef42623          	sw	a5,-20(s0)
10001260:	fec42703          	lw	a4,-20(s0)
10001264:	2ff00793          	li	a5,767
10001268:	f8e7dee3          	bge	a5,a4,10001204 <test_fc_mem+0x2c>
1000126c:	10000793          	li	a5,256
10001270:	fef42223          	sw	a5,-28(s0)
10001274:	0a40006f          	j	10001318 <test_fc_mem+0x140>
10001278:	fe042023          	sw	zero,-32(s0)
1000127c:	0840006f          	j	10001300 <test_fc_mem+0x128>
10001280:	fe442703          	lw	a4,-28(s0)
10001284:	fe042783          	lw	a5,-32(s0)
10001288:	00f707b3          	add	a5,a4,a5
1000128c:	fd040713          	addi	a4,s0,-48
10001290:	00070593          	mv	a1,a4
10001294:	00078513          	mv	a0,a5
10001298:	e94ff0ef          	jal	ra,1000092c <cfg_load>
1000129c:	fe042783          	lw	a5,-32(s0)
100012a0:	fcf42023          	sw	a5,-64(s0)
100012a4:	fe042783          	lw	a5,-32(s0)
100012a8:	00178793          	addi	a5,a5,1
100012ac:	fcf42223          	sw	a5,-60(s0)
100012b0:	fe042783          	lw	a5,-32(s0)
100012b4:	00278793          	addi	a5,a5,2
100012b8:	fcf42423          	sw	a5,-56(s0)
100012bc:	fe042783          	lw	a5,-32(s0)
100012c0:	00378793          	addi	a5,a5,3
100012c4:	fcf42623          	sw	a5,-52(s0)
100012c8:	fd040713          	addi	a4,s0,-48
100012cc:	fc040793          	addi	a5,s0,-64
100012d0:	00070593          	mv	a1,a4
100012d4:	00078513          	mv	a0,a5
100012d8:	ef8ff0ef          	jal	ra,100009d0 <check_output>
100012dc:	00050793          	mv	a5,a0
100012e0:	0017c793          	xori	a5,a5,1
100012e4:	0ff7f793          	andi	a5,a5,255
100012e8:	00078663          	beqz	a5,100012f4 <test_fc_mem+0x11c>
100012ec:	00000793          	li	a5,0
100012f0:	0380006f          	j	10001328 <test_fc_mem+0x150>
100012f4:	fe042783          	lw	a5,-32(s0)
100012f8:	00178793          	addi	a5,a5,1
100012fc:	fef42023          	sw	a5,-32(s0)
10001300:	fe042703          	lw	a4,-32(s0)
10001304:	0cf00793          	li	a5,207
10001308:	f6e7dce3          	bge	a5,a4,10001280 <test_fc_mem+0xa8>
1000130c:	fe442783          	lw	a5,-28(s0)
10001310:	10078793          	addi	a5,a5,256
10001314:	fef42223          	sw	a5,-28(s0)
10001318:	fe442703          	lw	a4,-28(s0)
1000131c:	2ff00793          	li	a5,767
10001320:	f4e7dce3          	bge	a5,a4,10001278 <test_fc_mem+0xa0>
10001324:	00100793          	li	a5,1
10001328:	00078513          	mv	a0,a5
1000132c:	03c12083          	lw	ra,60(sp)
10001330:	03812403          	lw	s0,56(sp)
10001334:	04010113          	addi	sp,sp,64
10001338:	00008067          	ret

1000133c <la_test>:
1000133c:	fe010113          	addi	sp,sp,-32
10001340:	00812e23          	sw	s0,28(sp)
10001344:	02010413          	addi	s0,sp,32
10001348:	250007b7          	lui	a5,0x25000
1000134c:	aaaab737          	lui	a4,0xaaaab
10001350:	aaa70713          	addi	a4,a4,-1366 # aaaaaaaa <_etext+0x9aaa8faa>
10001354:	00e7a023          	sw	a4,0(a5) # 25000000 <_etext+0x14ffe500>
10001358:	250007b7          	lui	a5,0x25000
1000135c:	00478793          	addi	a5,a5,4 # 25000004 <_etext+0x14ffe504>
10001360:	aaaab737          	lui	a4,0xaaaab
10001364:	aaa70713          	addi	a4,a4,-1366 # aaaaaaaa <_etext+0x9aaa8faa>
10001368:	00e7a023          	sw	a4,0(a5)
1000136c:	250007b7          	lui	a5,0x25000
10001370:	00878793          	addi	a5,a5,8 # 25000008 <_etext+0x14ffe508>
10001374:	aaaab737          	lui	a4,0xaaaab
10001378:	aaa70713          	addi	a4,a4,-1366 # aaaaaaaa <_etext+0x9aaa8faa>
1000137c:	00e7a023          	sw	a4,0(a5)
10001380:	250007b7          	lui	a5,0x25000
10001384:	00c78793          	addi	a5,a5,12 # 2500000c <_etext+0x14ffe50c>
10001388:	aaaab737          	lui	a4,0xaaaab
1000138c:	aaa70713          	addi	a4,a4,-1366 # aaaaaaaa <_etext+0x9aaa8faa>
10001390:	00e7a023          	sw	a4,0(a5)
10001394:	250007b7          	lui	a5,0x25000
10001398:	02078713          	addi	a4,a5,32 # 25000020 <_etext+0x14ffe520>
1000139c:	00000793          	li	a5,0
100013a0:	00f72023          	sw	a5,0(a4)
100013a4:	25000737          	lui	a4,0x25000
100013a8:	01070713          	addi	a4,a4,16 # 25000010 <_etext+0x14ffe510>
100013ac:	00f72023          	sw	a5,0(a4)
100013b0:	250007b7          	lui	a5,0x25000
100013b4:	02478713          	addi	a4,a5,36 # 25000024 <_etext+0x14ffe524>
100013b8:	00000793          	li	a5,0
100013bc:	00f72023          	sw	a5,0(a4)
100013c0:	25000737          	lui	a4,0x25000
100013c4:	01470713          	addi	a4,a4,20 # 25000014 <_etext+0x14ffe514>
100013c8:	00f72023          	sw	a5,0(a4)
100013cc:	250007b7          	lui	a5,0x25000
100013d0:	02878713          	addi	a4,a5,40 # 25000028 <_etext+0x14ffe528>
100013d4:	00000793          	li	a5,0
100013d8:	00f72023          	sw	a5,0(a4)
100013dc:	25000737          	lui	a4,0x25000
100013e0:	01870713          	addi	a4,a4,24 # 25000018 <_etext+0x14ffe518>
100013e4:	00f72023          	sw	a5,0(a4)
100013e8:	250007b7          	lui	a5,0x25000
100013ec:	02c78713          	addi	a4,a5,44 # 2500002c <_etext+0x14ffe52c>
100013f0:	00000793          	li	a5,0
100013f4:	00f72023          	sw	a5,0(a4)
100013f8:	25000737          	lui	a4,0x25000
100013fc:	01c70713          	addi	a4,a4,28 # 2500001c <_etext+0x14ffe51c>
10001400:	00f72023          	sw	a5,0(a4)
10001404:	250007b7          	lui	a5,0x25000
10001408:	02478713          	addi	a4,a5,36 # 25000024 <_etext+0x14ffe524>
1000140c:	fff00793          	li	a5,-1
10001410:	00f72023          	sw	a5,0(a4)
10001414:	25000737          	lui	a4,0x25000
10001418:	01470713          	addi	a4,a4,20 # 25000014 <_etext+0x14ffe514>
1000141c:	00f72023          	sw	a5,0(a4)
10001420:	250007b7          	lui	a5,0x25000
10001424:	00478793          	addi	a5,a5,4 # 25000004 <_etext+0x14ffe504>
10001428:	0007a783          	lw	a5,0(a5)
1000142c:	fef42623          	sw	a5,-20(s0)
10001430:	250007b7          	lui	a5,0x25000
10001434:	00c78793          	addi	a5,a5,12 # 2500000c <_etext+0x14ffe50c>
10001438:	fec42703          	lw	a4,-20(s0)
1000143c:	00e7a023          	sw	a4,0(a5)
10001440:	250007b7          	lui	a5,0x25000
10001444:	02478713          	addi	a4,a5,36 # 25000024 <_etext+0x14ffe524>
10001448:	00000793          	li	a5,0
1000144c:	00f72023          	sw	a5,0(a4)
10001450:	25000737          	lui	a4,0x25000
10001454:	01470713          	addi	a4,a4,20 # 25000014 <_etext+0x14ffe514>
10001458:	00f72023          	sw	a5,0(a4)
1000145c:	250007b7          	lui	a5,0x25000
10001460:	02478713          	addi	a4,a5,36 # 25000024 <_etext+0x14ffe524>
10001464:	fff00793          	li	a5,-1
10001468:	00f72023          	sw	a5,0(a4)
1000146c:	25000737          	lui	a4,0x25000
10001470:	01470713          	addi	a4,a4,20 # 25000014 <_etext+0x14ffe514>
10001474:	00f72023          	sw	a5,0(a4)
10001478:	250007b7          	lui	a5,0x25000
1000147c:	02478713          	addi	a4,a5,36 # 25000024 <_etext+0x14ffe524>
10001480:	00000793          	li	a5,0
10001484:	00f72023          	sw	a5,0(a4)
10001488:	25000737          	lui	a4,0x25000
1000148c:	01470713          	addi	a4,a4,20 # 25000014 <_etext+0x14ffe514>
10001490:	00f72023          	sw	a5,0(a4)
10001494:	00000013          	nop
10001498:	01c12403          	lw	s0,28(sp)
1000149c:	02010113          	addi	sp,sp,32
100014a0:	00008067          	ret

100014a4 <set_gpio>:
100014a4:	fe010113          	addi	sp,sp,-32
100014a8:	00812e23          	sw	s0,28(sp)
100014ac:	02010413          	addi	s0,sp,32
100014b0:	fea42623          	sw	a0,-20(s0)
100014b4:	260007b7          	lui	a5,0x26000
100014b8:	00c78793          	addi	a5,a5,12 # 2600000c <_etext+0x15ffe50c>
100014bc:	0007a683          	lw	a3,0(a5)
100014c0:	fec42703          	lw	a4,-20(s0)
100014c4:	260007b7          	lui	a5,0x26000
100014c8:	00c78793          	addi	a5,a5,12 # 2600000c <_etext+0x15ffe50c>
100014cc:	00e6e733          	or	a4,a3,a4
100014d0:	00e7a023          	sw	a4,0(a5)
100014d4:	00000013          	nop
100014d8:	01c12403          	lw	s0,28(sp)
100014dc:	02010113          	addi	sp,sp,32
100014e0:	00008067          	ret

100014e4 <clear_gpio>:
100014e4:	fe010113          	addi	sp,sp,-32
100014e8:	00812e23          	sw	s0,28(sp)
100014ec:	02010413          	addi	s0,sp,32
100014f0:	fea42623          	sw	a0,-20(s0)
100014f4:	260007b7          	lui	a5,0x26000
100014f8:	00c78793          	addi	a5,a5,12 # 2600000c <_etext+0x15ffe50c>
100014fc:	0007a703          	lw	a4,0(a5)
10001500:	fec42783          	lw	a5,-20(s0)
10001504:	fff7c793          	not	a5,a5
10001508:	00078693          	mv	a3,a5
1000150c:	260007b7          	lui	a5,0x26000
10001510:	00c78793          	addi	a5,a5,12 # 2600000c <_etext+0x15ffe50c>
10001514:	00d77733          	and	a4,a4,a3
10001518:	00e7a023          	sw	a4,0(a5)
1000151c:	00000013          	nop
10001520:	01c12403          	lw	s0,28(sp)
10001524:	02010113          	addi	sp,sp,32
10001528:	00008067          	ret

1000152c <main>:
1000152c:	fd010113          	addi	sp,sp,-48
10001530:	02112623          	sw	ra,44(sp)
10001534:	02812423          	sw	s0,40(sp)
10001538:	03010413          	addi	s0,sp,48
1000153c:	00100793          	li	a5,1
10001540:	fef42423          	sw	a5,-24(s0)
10001544:	260007b7          	lui	a5,0x26000
10001548:	0b878793          	addi	a5,a5,184 # 260000b8 <_etext+0x15ffe5b8>
1000154c:	00002737          	lui	a4,0x2
10001550:	80970713          	addi	a4,a4,-2039 # 1809 <_edata-0xffe7f7>
10001554:	00e7a023          	sw	a4,0(a5)
10001558:	260007b7          	lui	a5,0x26000
1000155c:	0b478793          	addi	a5,a5,180 # 260000b4 <_etext+0x15ffe5b4>
10001560:	40300713          	li	a4,1027
10001564:	00e7a023          	sw	a4,0(a5)
10001568:	260007b7          	lui	a5,0x26000
1000156c:	0b078793          	addi	a5,a5,176 # 260000b0 <_etext+0x15ffe5b0>
10001570:	00002737          	lui	a4,0x2
10001574:	80970713          	addi	a4,a4,-2039 # 1809 <_edata-0xffe7f7>
10001578:	00e7a023          	sw	a4,0(a5)
1000157c:	260007b7          	lui	a5,0x26000
10001580:	0ac78793          	addi	a5,a5,172 # 260000ac <_etext+0x15ffe5ac>
10001584:	00001737          	lui	a4,0x1
10001588:	c0370713          	addi	a4,a4,-1021 # c03 <_edata-0xfff3fd>
1000158c:	00e7a023          	sw	a4,0(a5)
10001590:	260007b7          	lui	a5,0x26000
10001594:	0a878793          	addi	a5,a5,168 # 260000a8 <_etext+0x15ffe5a8>
10001598:	00002737          	lui	a4,0x2
1000159c:	80870713          	addi	a4,a4,-2040 # 1808 <_edata-0xffe7f8>
100015a0:	00e7a023          	sw	a4,0(a5)
100015a4:	260007b7          	lui	a5,0x26000
100015a8:	0a478793          	addi	a5,a5,164 # 260000a4 <_etext+0x15ffe5a4>
100015ac:	00002737          	lui	a4,0x2
100015b0:	80870713          	addi	a4,a4,-2040 # 1808 <_edata-0xffe7f8>
100015b4:	00e7a023          	sw	a4,0(a5)
100015b8:	260007b7          	lui	a5,0x26000
100015bc:	0a078793          	addi	a5,a5,160 # 260000a0 <_etext+0x15ffe5a0>
100015c0:	00002737          	lui	a4,0x2
100015c4:	80870713          	addi	a4,a4,-2040 # 1808 <_edata-0xffe7f8>
100015c8:	00e7a023          	sw	a4,0(a5)
100015cc:	260007b7          	lui	a5,0x26000
100015d0:	09c78793          	addi	a5,a5,156 # 2600009c <_etext+0x15ffe59c>
100015d4:	00002737          	lui	a4,0x2
100015d8:	80870713          	addi	a4,a4,-2040 # 1808 <_edata-0xffe7f8>
100015dc:	00e7a023          	sw	a4,0(a5)
100015e0:	260007b7          	lui	a5,0x26000
100015e4:	09878793          	addi	a5,a5,152 # 26000098 <_etext+0x15ffe598>
100015e8:	00002737          	lui	a4,0x2
100015ec:	80870713          	addi	a4,a4,-2040 # 1808 <_edata-0xffe7f8>
100015f0:	00e7a023          	sw	a4,0(a5)
100015f4:	260007b7          	lui	a5,0x26000
100015f8:	09478793          	addi	a5,a5,148 # 26000094 <_etext+0x15ffe594>
100015fc:	00002737          	lui	a4,0x2
10001600:	80870713          	addi	a4,a4,-2040 # 1808 <_edata-0xffe7f8>
10001604:	00e7a023          	sw	a4,0(a5)
10001608:	260007b7          	lui	a5,0x26000
1000160c:	09078793          	addi	a5,a5,144 # 26000090 <_etext+0x15ffe590>
10001610:	00002737          	lui	a4,0x2
10001614:	80870713          	addi	a4,a4,-2040 # 1808 <_edata-0xffe7f8>
10001618:	00e7a023          	sw	a4,0(a5)
1000161c:	260007b7          	lui	a5,0x26000
10001620:	08c78793          	addi	a5,a5,140 # 2600008c <_etext+0x15ffe58c>
10001624:	00002737          	lui	a4,0x2
10001628:	80870713          	addi	a4,a4,-2040 # 1808 <_edata-0xffe7f8>
1000162c:	00e7a023          	sw	a4,0(a5)
10001630:	260007b7          	lui	a5,0x26000
10001634:	08878793          	addi	a5,a5,136 # 26000088 <_etext+0x15ffe588>
10001638:	00002737          	lui	a4,0x2
1000163c:	80870713          	addi	a4,a4,-2040 # 1808 <_edata-0xffe7f8>
10001640:	00e7a023          	sw	a4,0(a5)
10001644:	260007b7          	lui	a5,0x26000
10001648:	08478793          	addi	a5,a5,132 # 26000084 <_etext+0x15ffe584>
1000164c:	00002737          	lui	a4,0x2
10001650:	80870713          	addi	a4,a4,-2040 # 1808 <_edata-0xffe7f8>
10001654:	00e7a023          	sw	a4,0(a5)
10001658:	260007b7          	lui	a5,0x26000
1000165c:	08078793          	addi	a5,a5,128 # 26000080 <_etext+0x15ffe580>
10001660:	00002737          	lui	a4,0x2
10001664:	80870713          	addi	a4,a4,-2040 # 1808 <_edata-0xffe7f8>
10001668:	00e7a023          	sw	a4,0(a5)
1000166c:	260007b7          	lui	a5,0x26000
10001670:	07c78793          	addi	a5,a5,124 # 2600007c <_etext+0x15ffe57c>
10001674:	00002737          	lui	a4,0x2
10001678:	80870713          	addi	a4,a4,-2040 # 1808 <_edata-0xffe7f8>
1000167c:	00e7a023          	sw	a4,0(a5)
10001680:	260007b7          	lui	a5,0x26000
10001684:	07878793          	addi	a5,a5,120 # 26000078 <_etext+0x15ffe578>
10001688:	00002737          	lui	a4,0x2
1000168c:	80870713          	addi	a4,a4,-2040 # 1808 <_edata-0xffe7f8>
10001690:	00e7a023          	sw	a4,0(a5)
10001694:	260007b7          	lui	a5,0x26000
10001698:	07478793          	addi	a5,a5,116 # 26000074 <_etext+0x15ffe574>
1000169c:	00002737          	lui	a4,0x2
100016a0:	80870713          	addi	a4,a4,-2040 # 1808 <_edata-0xffe7f8>
100016a4:	00e7a023          	sw	a4,0(a5)
100016a8:	260007b7          	lui	a5,0x26000
100016ac:	07078793          	addi	a5,a5,112 # 26000070 <_etext+0x15ffe570>
100016b0:	00002737          	lui	a4,0x2
100016b4:	80870713          	addi	a4,a4,-2040 # 1808 <_edata-0xffe7f8>
100016b8:	00e7a023          	sw	a4,0(a5)
100016bc:	260007b7          	lui	a5,0x26000
100016c0:	03c78793          	addi	a5,a5,60 # 2600003c <_etext+0x15ffe53c>
100016c4:	7ff00713          	li	a4,2047
100016c8:	00e7a023          	sw	a4,0(a5)
100016cc:	260007b7          	lui	a5,0x26000
100016d0:	00c78793          	addi	a5,a5,12 # 2600000c <_etext+0x15ffe50c>
100016d4:	0007a023          	sw	zero,0(a5)
100016d8:	200007b7          	lui	a5,0x20000
100016dc:	41200713          	li	a4,1042
100016e0:	00e7a023          	sw	a4,0(a5) # 20000000 <_etext+0xfffe500>
100016e4:	200007b7          	lui	a5,0x20000
100016e8:	00878793          	addi	a5,a5,8 # 20000008 <_etext+0xfffe508>
100016ec:	00100713          	li	a4,1
100016f0:	00e7a023          	sw	a4,0(a5)
100016f4:	260007b7          	lui	a5,0x26000
100016f8:	00100713          	li	a4,1
100016fc:	00e7a023          	sw	a4,0(a5) # 26000000 <_etext+0x15ffe500>
10001700:	00000013          	nop
10001704:	260007b7          	lui	a5,0x26000
10001708:	0007a703          	lw	a4,0(a5) # 26000000 <_etext+0x15ffe500>
1000170c:	00100793          	li	a5,1
10001710:	fef70ae3          	beq	a4,a5,10001704 <main+0x1d8>
10001714:	210007b7          	lui	a5,0x21000
10001718:	00478793          	addi	a5,a5,4 # 21000004 <_etext+0x10ffe504>
1000171c:	0007a023          	sw	zero,0(a5)
10001720:	210007b7          	lui	a5,0x21000
10001724:	00878793          	addi	a5,a5,8 # 21000008 <_etext+0x10ffe508>
10001728:	0007a023          	sw	zero,0(a5)
1000172c:	210007b7          	lui	a5,0x21000
10001730:	00c78793          	addi	a5,a5,12 # 2100000c <_etext+0x10ffe50c>
10001734:	0007a023          	sw	zero,0(a5)
10001738:	210007b7          	lui	a5,0x21000
1000173c:	00100713          	li	a4,1
10001740:	00e7a023          	sw	a4,0(a5) # 21000000 <_etext+0x10ffe500>
10001744:	260007b7          	lui	a5,0x26000
10001748:	0b878793          	addi	a5,a5,184 # 260000b8 <_etext+0x15ffe5b8>
1000174c:	00002737          	lui	a4,0x2
10001750:	80970713          	addi	a4,a4,-2039 # 1809 <_edata-0xffe7f7>
10001754:	00e7a023          	sw	a4,0(a5)
10001758:	260007b7          	lui	a5,0x26000
1000175c:	0b478793          	addi	a5,a5,180 # 260000b4 <_etext+0x15ffe5b4>
10001760:	40300713          	li	a4,1027
10001764:	00e7a023          	sw	a4,0(a5)
10001768:	260007b7          	lui	a5,0x26000
1000176c:	0b078793          	addi	a5,a5,176 # 260000b0 <_etext+0x15ffe5b0>
10001770:	00002737          	lui	a4,0x2
10001774:	80970713          	addi	a4,a4,-2039 # 1809 <_edata-0xffe7f7>
10001778:	00e7a023          	sw	a4,0(a5)
1000177c:	260007b7          	lui	a5,0x26000
10001780:	0ac78793          	addi	a5,a5,172 # 260000ac <_etext+0x15ffe5ac>
10001784:	00001737          	lui	a4,0x1
10001788:	c0370713          	addi	a4,a4,-1021 # c03 <_edata-0xfff3fd>
1000178c:	00e7a023          	sw	a4,0(a5)
10001790:	260007b7          	lui	a5,0x26000
10001794:	0a878793          	addi	a5,a5,168 # 260000a8 <_etext+0x15ffe5a8>
10001798:	00002737          	lui	a4,0x2
1000179c:	80870713          	addi	a4,a4,-2040 # 1808 <_edata-0xffe7f8>
100017a0:	00e7a023          	sw	a4,0(a5)
100017a4:	260007b7          	lui	a5,0x26000
100017a8:	0a478793          	addi	a5,a5,164 # 260000a4 <_etext+0x15ffe5a4>
100017ac:	00002737          	lui	a4,0x2
100017b0:	80870713          	addi	a4,a4,-2040 # 1808 <_edata-0xffe7f8>
100017b4:	00e7a023          	sw	a4,0(a5)
100017b8:	260007b7          	lui	a5,0x26000
100017bc:	0a078793          	addi	a5,a5,160 # 260000a0 <_etext+0x15ffe5a0>
100017c0:	00002737          	lui	a4,0x2
100017c4:	80870713          	addi	a4,a4,-2040 # 1808 <_edata-0xffe7f8>
100017c8:	00e7a023          	sw	a4,0(a5)
100017cc:	260007b7          	lui	a5,0x26000
100017d0:	09c78793          	addi	a5,a5,156 # 2600009c <_etext+0x15ffe59c>
100017d4:	00002737          	lui	a4,0x2
100017d8:	80870713          	addi	a4,a4,-2040 # 1808 <_edata-0xffe7f8>
100017dc:	00e7a023          	sw	a4,0(a5)
100017e0:	260007b7          	lui	a5,0x26000
100017e4:	09878793          	addi	a5,a5,152 # 26000098 <_etext+0x15ffe598>
100017e8:	00002737          	lui	a4,0x2
100017ec:	80870713          	addi	a4,a4,-2040 # 1808 <_edata-0xffe7f8>
100017f0:	00e7a023          	sw	a4,0(a5)
100017f4:	260007b7          	lui	a5,0x26000
100017f8:	09478793          	addi	a5,a5,148 # 26000094 <_etext+0x15ffe594>
100017fc:	00002737          	lui	a4,0x2
10001800:	80870713          	addi	a4,a4,-2040 # 1808 <_edata-0xffe7f8>
10001804:	00e7a023          	sw	a4,0(a5)
10001808:	260007b7          	lui	a5,0x26000
1000180c:	09078793          	addi	a5,a5,144 # 26000090 <_etext+0x15ffe590>
10001810:	00002737          	lui	a4,0x2
10001814:	80870713          	addi	a4,a4,-2040 # 1808 <_edata-0xffe7f8>
10001818:	00e7a023          	sw	a4,0(a5)
1000181c:	260007b7          	lui	a5,0x26000
10001820:	08c78793          	addi	a5,a5,140 # 2600008c <_etext+0x15ffe58c>
10001824:	00002737          	lui	a4,0x2
10001828:	80870713          	addi	a4,a4,-2040 # 1808 <_edata-0xffe7f8>
1000182c:	00e7a023          	sw	a4,0(a5)
10001830:	260007b7          	lui	a5,0x26000
10001834:	08878793          	addi	a5,a5,136 # 26000088 <_etext+0x15ffe588>
10001838:	00002737          	lui	a4,0x2
1000183c:	80870713          	addi	a4,a4,-2040 # 1808 <_edata-0xffe7f8>
10001840:	00e7a023          	sw	a4,0(a5)
10001844:	260007b7          	lui	a5,0x26000
10001848:	08478793          	addi	a5,a5,132 # 26000084 <_etext+0x15ffe584>
1000184c:	00002737          	lui	a4,0x2
10001850:	80870713          	addi	a4,a4,-2040 # 1808 <_edata-0xffe7f8>
10001854:	00e7a023          	sw	a4,0(a5)
10001858:	260007b7          	lui	a5,0x26000
1000185c:	08078793          	addi	a5,a5,128 # 26000080 <_etext+0x15ffe580>
10001860:	00002737          	lui	a4,0x2
10001864:	80870713          	addi	a4,a4,-2040 # 1808 <_edata-0xffe7f8>
10001868:	00e7a023          	sw	a4,0(a5)
1000186c:	260007b7          	lui	a5,0x26000
10001870:	07c78793          	addi	a5,a5,124 # 2600007c <_etext+0x15ffe57c>
10001874:	00002737          	lui	a4,0x2
10001878:	80870713          	addi	a4,a4,-2040 # 1808 <_edata-0xffe7f8>
1000187c:	00e7a023          	sw	a4,0(a5)
10001880:	260007b7          	lui	a5,0x26000
10001884:	07878793          	addi	a5,a5,120 # 26000078 <_etext+0x15ffe578>
10001888:	00002737          	lui	a4,0x2
1000188c:	80870713          	addi	a4,a4,-2040 # 1808 <_edata-0xffe7f8>
10001890:	00e7a023          	sw	a4,0(a5)
10001894:	260007b7          	lui	a5,0x26000
10001898:	07478793          	addi	a5,a5,116 # 26000074 <_etext+0x15ffe574>
1000189c:	00002737          	lui	a4,0x2
100018a0:	80870713          	addi	a4,a4,-2040 # 1808 <_edata-0xffe7f8>
100018a4:	00e7a023          	sw	a4,0(a5)
100018a8:	260007b7          	lui	a5,0x26000
100018ac:	07078793          	addi	a5,a5,112 # 26000070 <_etext+0x15ffe570>
100018b0:	00002737          	lui	a4,0x2
100018b4:	80870713          	addi	a4,a4,-2040 # 1808 <_edata-0xffe7f8>
100018b8:	00e7a023          	sw	a4,0(a5)
100018bc:	260007b7          	lui	a5,0x26000
100018c0:	03478793          	addi	a5,a5,52 # 26000034 <_etext+0x15ffe534>
100018c4:	40300713          	li	a4,1027
100018c8:	00e7a023          	sw	a4,0(a5)
100018cc:	260007b7          	lui	a5,0x26000
100018d0:	03078793          	addi	a5,a5,48 # 26000030 <_etext+0x15ffe530>
100018d4:	40300713          	li	a4,1027
100018d8:	00e7a023          	sw	a4,0(a5)
100018dc:	260007b7          	lui	a5,0x26000
100018e0:	02c78793          	addi	a5,a5,44 # 2600002c <_etext+0x15ffe52c>
100018e4:	40300713          	li	a4,1027
100018e8:	00e7a023          	sw	a4,0(a5)
100018ec:	260007b7          	lui	a5,0x26000
100018f0:	02878793          	addi	a5,a5,40 # 26000028 <_etext+0x15ffe528>
100018f4:	00002737          	lui	a4,0x2
100018f8:	80370713          	addi	a4,a4,-2045 # 1803 <_edata-0xffe7fd>
100018fc:	00e7a023          	sw	a4,0(a5)
10001900:	100027b7          	lui	a5,0x10002
10001904:	af07a603          	lw	a2,-1296(a5) # 10001af0 <main+0x5c4>
10001908:	af078713          	addi	a4,a5,-1296
1000190c:	00472683          	lw	a3,4(a4)
10001910:	af078713          	addi	a4,a5,-1296
10001914:	00872703          	lw	a4,8(a4)
10001918:	af078793          	addi	a5,a5,-1296
1000191c:	00c7a783          	lw	a5,12(a5)
10001920:	fcc42a23          	sw	a2,-44(s0)
10001924:	fcd42c23          	sw	a3,-40(s0)
10001928:	fce42e23          	sw	a4,-36(s0)
1000192c:	fef42023          	sw	a5,-32(s0)
10001930:	00400793          	li	a5,4
10001934:	fef42223          	sw	a5,-28(s0)
10001938:	fe042623          	sw	zero,-20(s0)
1000193c:	0100006f          	j	1000194c <main+0x420>
10001940:	fec42783          	lw	a5,-20(s0)
10001944:	00178793          	addi	a5,a5,1
10001948:	fef42623          	sw	a5,-20(s0)
1000194c:	fec42703          	lw	a4,-20(s0)
10001950:	000057b7          	lui	a5,0x5
10001954:	e1f78793          	addi	a5,a5,-481 # 4e1f <_edata-0xffb1e1>
10001958:	fee7d4e3          	bge	a5,a4,10001940 <main+0x414>
1000195c:	100027b7          	lui	a5,0x10002
10001960:	a5478513          	addi	a0,a5,-1452 # 10001a54 <main+0x528>
10001964:	865fe0ef          	jal	ra,100001c8 <print>
10001968:	02d00513          	li	a0,45
1000196c:	811fe0ef          	jal	ra,1000017c <putchar>
10001970:	100027b7          	lui	a5,0x10002
10001974:	a5878513          	addi	a0,a5,-1448 # 10001a58 <main+0x52c>
10001978:	851fe0ef          	jal	ra,100001c8 <print>
1000197c:	c64ff0ef          	jal	ra,10000de0 <test_conv1_mem>
10001980:	00050793          	mv	a5,a0
10001984:	00078a63          	beqz	a5,10001998 <main+0x46c>
10001988:	100027b7          	lui	a5,0x10002
1000198c:	a6478513          	addi	a0,a5,-1436 # 10001a64 <main+0x538>
10001990:	839fe0ef          	jal	ra,100001c8 <print>
10001994:	0100006f          	j	100019a4 <main+0x478>
10001998:	100027b7          	lui	a5,0x10002
1000199c:	a6c78513          	addi	a0,a5,-1428 # 10001a6c <main+0x540>
100019a0:	829fe0ef          	jal	ra,100001c8 <print>
100019a4:	100027b7          	lui	a5,0x10002
100019a8:	a7478513          	addi	a0,a5,-1420 # 10001a74 <main+0x548>
100019ac:	81dfe0ef          	jal	ra,100001c8 <print>
100019b0:	100027b7          	lui	a5,0x10002
100019b4:	a7878513          	addi	a0,a5,-1416 # 10001a78 <main+0x54c>
100019b8:	811fe0ef          	jal	ra,100001c8 <print>
100019bc:	e24ff0ef          	jal	ra,10000fe0 <test_conv2_mem>
100019c0:	00050793          	mv	a5,a0
100019c4:	00078a63          	beqz	a5,100019d8 <main+0x4ac>
100019c8:	100027b7          	lui	a5,0x10002
100019cc:	a6478513          	addi	a0,a5,-1436 # 10001a64 <main+0x538>
100019d0:	ff8fe0ef          	jal	ra,100001c8 <print>
100019d4:	0100006f          	j	100019e4 <main+0x4b8>
100019d8:	100027b7          	lui	a5,0x10002
100019dc:	a6c78513          	addi	a0,a5,-1428 # 10001a6c <main+0x540>
100019e0:	fe8fe0ef          	jal	ra,100001c8 <print>
100019e4:	100027b7          	lui	a5,0x10002
100019e8:	a7478513          	addi	a0,a5,-1420 # 10001a74 <main+0x548>
100019ec:	fdcfe0ef          	jal	ra,100001c8 <print>
100019f0:	100027b7          	lui	a5,0x10002
100019f4:	a8478513          	addi	a0,a5,-1404 # 10001a84 <main+0x558>
100019f8:	fd0fe0ef          	jal	ra,100001c8 <print>
100019fc:	fdcff0ef          	jal	ra,100011d8 <test_fc_mem>
10001a00:	00050793          	mv	a5,a0
10001a04:	00078a63          	beqz	a5,10001a18 <main+0x4ec>
10001a08:	100027b7          	lui	a5,0x10002
10001a0c:	a6478513          	addi	a0,a5,-1436 # 10001a64 <main+0x538>
10001a10:	fb8fe0ef          	jal	ra,100001c8 <print>
10001a14:	0100006f          	j	10001a24 <main+0x4f8>
10001a18:	100027b7          	lui	a5,0x10002
10001a1c:	a6c78513          	addi	a0,a5,-1428 # 10001a6c <main+0x540>
10001a20:	fa8fe0ef          	jal	ra,100001c8 <print>
10001a24:	0000006f          	j	10001a24 <main+0x4f8>
10001a28:	3130                	fld	fa2,96(a0)
10001a2a:	3332                	fld	ft6,296(sp)
10001a2c:	3534                	fld	fa3,104(a0)
10001a2e:	3736                	fld	fa4,360(sp)
10001a30:	3938                	fld	fa4,112(a0)
10001a32:	6261                	lui	tp,0x18
10001a34:	66656463          	bltu	a0,t1,1000209c <_etext+0x59c>
10001a38:	0000                	unimp
10001a3a:	0000                	unimp
10001a3c:	5245564f          	fnmadd.d	fa2,fa0,ft4,fa0,unknown
10001a40:	0000                	unimp
10001a42:	0000                	unimp
10001a44:	0001                	nop
10001a46:	0000                	unimp
10001a48:	0002                	c.slli64	zero
10001a4a:	0000                	unimp
10001a4c:	00000003          	lb	zero,0(zero) # 0 <_edata-0x1000000>
10001a50:	0004                	0x4
10001a52:	0000                	unimp
10001a54:	007c                	addi	a5,sp,12
10001a56:	0000                	unimp
10001a58:	564e4f43          	fmadd.q	ft10,ft8,ft4,fa0,rmm
10001a5c:	2031                	jal	10001a68 <main+0x53c>
10001a5e:	454d                	li	a0,19
10001a60:	3a4d                	jal	10001412 <la_test+0xd6>
10001a62:	0020                	addi	s0,sp,8
10001a64:	4150                	lw	a2,4(a0)
10001a66:	00005353          	fadd.s	ft6,ft0,ft0,unknown
10001a6a:	0000                	unimp
10001a6c:	4146                	lw	sp,80(sp)
10001a6e:	4c49                	li	s8,18
10001a70:	0000                	unimp
10001a72:	0000                	unimp
10001a74:	000a                	c.slli	zero,0x2
10001a76:	0000                	unimp
10001a78:	564e4f43          	fmadd.q	ft10,ft8,ft4,fa0,rmm
10001a7c:	2032                	fld	ft0,264(sp)
10001a7e:	454d                	li	a0,19
10001a80:	3a4d                	jal	10001432 <la_test+0xf6>
10001a82:	0020                	addi	s0,sp,8
10001a84:	2020                	fld	fs0,64(s0)
10001a86:	4620                	lw	s0,72(a2)
10001a88:	454d2043          	0x454d2043
10001a8c:	3a4d                	jal	1000143e <la_test+0x102>
10001a8e:	0020                	addi	s0,sp,8
10001a90:	5720                	lw	s0,104(a4)
10001a92:	7a776f6f          	jal	t5,10078a38 <_etext+0x76f38>
10001a96:	6161                	addi	sp,sp,80
10001a98:	2161                	jal	10001f20 <_etext+0x420>
10001a9a:	2021                	jal	10001aa2 <main+0x576>
10001a9c:	2020                	fld	fs0,64(s0)
10001a9e:	2020                	fld	fs0,64(s0)
10001aa0:	2020                	fld	fs0,64(s0)
10001aa2:	2020                	fld	fs0,64(s0)
10001aa4:	0000                	unimp
10001aa6:	0000                	unimp
10001aa8:	2020                	fld	fs0,64(s0)
10001aaa:	2020                	fld	fs0,64(s0)
10001aac:	2020                	fld	fs0,64(s0)
10001aae:	2020                	fld	fs0,64(s0)
10001ab0:	2020                	fld	fs0,64(s0)
10001ab2:	2020                	fld	fs0,64(s0)
10001ab4:	2020                	fld	fs0,64(s0)
10001ab6:	2020                	fld	fs0,64(s0)
10001ab8:	2020                	fld	fs0,64(s0)
10001aba:	2020                	fld	fs0,64(s0)
10001abc:	0000                	unimp
10001abe:	0000                	unimp
10001ac0:	4920                	lw	s0,80(a0)
10001ac2:	43206d27          	0x43206d27
10001ac6:	7261                	lui	tp,0xffff8
10001ac8:	7661                	lui	a2,0xffff8
10001aca:	6c65                	lui	s8,0x19
10001acc:	2120                	fld	fs0,64(a0)
10001ace:	2021                	jal	10001ad6 <main+0x5aa>
10001ad0:	2020                	fld	fs0,64(s0)
10001ad2:	2020                	fld	fs0,64(s0)
10001ad4:	0000                	unimp
10001ad6:	0000                	unimp
10001ad8:	2020                	fld	fs0,64(s0)
10001ada:	2020                	fld	fs0,64(s0)
10001adc:	2020                	fld	fs0,64(s0)
10001ade:	2749                	jal	10002260 <_etext+0x760>
10001ae0:	206d                	jal	10001b8a <_etext+0x8a>
10001ae2:	6c41                	lui	s8,0x10
10001ae4:	7669                	lui	a2,0xffffa
10001ae6:	2065                	jal	10001b8e <_etext+0x8e>
10001ae8:	2121                	jal	10001ef0 <_etext+0x3f0>
10001aea:	2021                	jal	10001af2 <main+0x5c6>
10001aec:	0000                	unimp
10001aee:	0000                	unimp
10001af0:	1a90                	addi	a2,sp,368
10001af2:	1000                	addi	s0,sp,32
10001af4:	1aa8                	addi	a0,sp,376
10001af6:	1000                	addi	s0,sp,32
10001af8:	1ac0                	addi	s0,sp,372
10001afa:	1000                	addi	s0,sp,32
10001afc:	1ad8                	addi	a4,sp,372
10001afe:	1000                	addi	s0,sp,32

Disassembly of section .comment:

00000000 <.comment>:
   0:	3a434347          	fmsub.d	ft6,ft6,ft4,ft7,rmm
   4:	2820                	fld	fs0,80(s0)
   6:	29554e47          	fmsub.s	ft8,fa0,fs5,ft5,rmm
   a:	3820                	fld	fs0,112(s0)
   c:	322e                	fld	ft4,232(sp)
   e:	302e                	fld	ft0,232(sp)
	...
